[20/06/2021 12:43:08] Application starting
[20/06/2021 12:43:08] version 1.6.6.477
[20/06/2021 12:43:08] FL path is "C:\Program Files (x86)\Image-Line\FL Studio 20\"
[20/06/2021 12:43:08] Plugin database path is "D:\Data\User Data\FL Studio\Presets\Plugin database\"
[20/06/2021 12:43:08] LoadExistingPresets
[20/06/2021 12:43:08]     Clear
[20/06/2021 12:43:08]     Finished (LoadExistingPresets) - count=121
[20/06/2021 12:43:17] Scan
[20/06/2021 12:43:17]   [FL] C:\Program Files (x86)\Image-Line\FL Studio 20\Plugins\Fruity\Effects\
[20/06/2021 12:43:17]   [FL] C:\Program Files (x86)\Image-Line\FL Studio 20\Plugins\Fruity\Generators\
[20/06/2021 12:43:17]   [VST] C:\Program Files (x86)\VstPlugins\
[20/06/2021 12:43:17]   [VST] C:\Program Files\Common Files\VST2\
[20/06/2021 12:43:17]   [VST] C:\Program Files\Steinberg\VstPlugins\
[20/06/2021 12:43:17]   [VST] c:\program files (x86)\image-line\fl studio 20\Plugins\VST\
[20/06/2021 12:43:17]   [VST] D:\Plugins\
[20/06/2021 12:43:17]   Options: noscannerexe verify store bridge threaded rescan
[20/06/2021 12:43:17] Scan - internal
[20/06/2021 12:43:17]     Find files
[20/06/2021 12:43:17]     Find plugins
[20/06/2021 12:43:17]         Scanning FL
[20/06/2021 12:43:17]             Scanning... [FL] C:\Program Files (x86)\Image-Line\FL Studio 20\Plugins\Fruity\Effects\
[20/06/2021 12:43:17]             search path: C:\Program Files (x86)\Image-Line\FL Studio 20\Plugins\Fruity\Effects\
[20/06/2021 12:43:17]             Scanning... [FL] C:\Program Files (x86)\Image-Line\FL Studio 20\Plugins\Fruity\Generators\
[20/06/2021 12:43:17]             search path: C:\Program Files (x86)\Image-Line\FL Studio 20\Plugins\Fruity\Generators\
[20/06/2021 12:43:17]             Found 223 plugins
[20/06/2021 12:43:17]             Finished (FL)
[20/06/2021 12:43:17]         Scanning VST
[20/06/2021 12:43:17]             Scanning... [VST] C:\Program Files (x86)\VstPlugins\
[20/06/2021 12:43:17]             search path: C:\Program Files (x86)\VstPlugins\
[20/06/2021 12:43:17]             Scanning... [VST] C:\Program Files\Common Files\VST2\
[20/06/2021 12:43:17]             search path: C:\Program Files\Common Files\VST2\
[20/06/2021 12:43:17]             Scanning... [VST] C:\Program Files\Steinberg\VstPlugins\
[20/06/2021 12:43:17]             search path: C:\Program Files\Steinberg\VstPlugins\
[20/06/2021 12:43:17]             Scanning... [VST] c:\program files (x86)\image-line\fl studio 20\Plugins\VST\
[20/06/2021 12:43:17]             search path: c:\program files (x86)\image-line\fl studio 20\Plugins\VST\
[20/06/2021 12:43:17]             Scanning... [VST] D:\Plugins\
[20/06/2021 12:43:17]             search path: D:\Plugins\
[20/06/2021 12:43:19]             Found 24 plugins
[20/06/2021 12:43:19]             Finished (VST)
[20/06/2021 12:43:19]         Scanning VST3
[20/06/2021 12:43:19]             Found 0 plugins
[20/06/2021 12:43:19]             Finished (VST3)
[20/06/2021 12:43:19]         Finished (find plugins)
[20/06/2021 12:43:19]     Verify plugins
[20/06/2021 12:43:19]     Scanning... [FL] C:\Program Files (x86)\Image-Line\FL Studio 20\Plugins\Fruity\Effects\Control Surface\Control Surface.dll
[20/06/2021 12:43:19]     [verified] "Control Surface" idx=0
[20/06/2021 12:43:19]     Scanning... [FL] C:\Program Files (x86)\Image-Line\FL Studio 20\Plugins\Fruity\Effects\Control Surface\Control Surface_x64.dll
[20/06/2021 12:43:19]     [verified] "Control Surface" idx=0
[20/06/2021 12:43:19]     Scanning... [FL] C:\Program Files (x86)\Image-Line\FL Studio 20\Plugins\Fruity\Effects\Edison\Edison.dll
[20/06/2021 12:43:19]     [verified] "Edison" idx=0
[20/06/2021 12:43:19]     Scanning... [FL] C:\Program Files (x86)\Image-Line\FL Studio 20\Plugins\Fruity\Effects\Edison\Edison_x64.dll
[20/06/2021 12:43:19]     [verified] "Edison" idx=0
[20/06/2021 12:43:19]     Scanning... [FL] C:\Program Files (x86)\Image-Line\FL Studio 20\Plugins\Fruity\Effects\Effector\Effector.dll
[20/06/2021 12:43:19]     [verified] "Effector" idx=0
[20/06/2021 12:43:19]     Scanning... [FL] C:\Program Files (x86)\Image-Line\FL Studio 20\Plugins\Fruity\Effects\Effector\Effector_x64.dll
[20/06/2021 12:43:19]     [verified] "Effector" idx=0
[20/06/2021 12:43:19]     Scanning... [FL] C:\Program Files (x86)\Image-Line\FL Studio 20\Plugins\Fruity\Effects\EQUO\EQUO.dll
[20/06/2021 12:43:19]     [verified] "EQUO" idx=0
[20/06/2021 12:43:19]     Scanning... [FL] C:\Program Files (x86)\Image-Line\FL Studio 20\Plugins\Fruity\Effects\EQUO\EQUO_x64.dll
[20/06/2021 12:43:19]     [verified] "EQUO" idx=0
[20/06/2021 12:43:19]     Scanning... [FL] C:\Program Files (x86)\Image-Line\FL Studio 20\Plugins\Fruity\Effects\Fruity 7 Band EQ\Fruity 7 Band EQ.dll
[20/06/2021 12:43:19]     [verified] "Fruity 7 Band EQ" idx=0
[20/06/2021 12:43:19]     Scanning... [FL] C:\Program Files (x86)\Image-Line\FL Studio 20\Plugins\Fruity\Effects\Fruity 7 Band EQ\Fruity 7 Band EQ_x64.dll
[20/06/2021 12:43:19]     [verified] "Fruity 7 Band EQ" idx=0
[20/06/2021 12:43:19]     Scanning... [FL] C:\Program Files (x86)\Image-Line\FL Studio 20\Plugins\Fruity\Effects\Fruity Balance\Fruity Balance.dll
[20/06/2021 12:43:19]     [verified] "Fruity Balance" idx=0
[20/06/2021 12:43:19]     Scanning... [FL] C:\Program Files (x86)\Image-Line\FL Studio 20\Plugins\Fruity\Effects\Fruity Balance\Fruity Balance_x64.dll
[20/06/2021 12:43:19]     [verified] "Fruity Balance" idx=0
[20/06/2021 12:43:19]     Scanning... [FL] C:\Program Files (x86)\Image-Line\FL Studio 20\Plugins\Fruity\Effects\Fruity Bass Boost\Fruity Bass Boost.dll
[20/06/2021 12:43:19]     [verified] "Fruity Bass Boost" idx=0
[20/06/2021 12:43:19]     Scanning... [FL] C:\Program Files (x86)\Image-Line\FL Studio 20\Plugins\Fruity\Effects\Fruity Bass Boost\Fruity Bass Boost_x64.dll
[20/06/2021 12:43:19]     [verified] "Fruity Bass Boost" idx=0
[20/06/2021 12:43:19]     Scanning... [FL] C:\Program Files (x86)\Image-Line\FL Studio 20\Plugins\Fruity\Effects\Fruity Big Clock\Fruity Big Clock.dll
[20/06/2021 12:43:19]     [verified] "Fruity Big Clock" idx=0
[20/06/2021 12:43:19]     Scanning... [FL] C:\Program Files (x86)\Image-Line\FL Studio 20\Plugins\Fruity\Effects\Fruity Big Clock\Fruity Big Clock_x64.dll
[20/06/2021 12:43:19]     [verified] "Fruity Big Clock" idx=0
[20/06/2021 12:43:19]     Scanning... [FL] C:\Program Files (x86)\Image-Line\FL Studio 20\Plugins\Fruity\Effects\Fruity Center\Fruity Center.dll
[20/06/2021 12:43:19]     [verified] "Fruity Center" idx=0
[20/06/2021 12:43:19]     Scanning... [FL] C:\Program Files (x86)\Image-Line\FL Studio 20\Plugins\Fruity\Effects\Fruity Center\Fruity Center_x64.dll
[20/06/2021 12:43:19]     [verified] "Fruity Center" idx=0
[20/06/2021 12:43:19]     Scanning... [FL] C:\Program Files (x86)\Image-Line\FL Studio 20\Plugins\Fruity\Effects\Fruity Chorus\Fruity Chorus.dll
[20/06/2021 12:43:19]     [verified] "Fruity Chorus" idx=0
[20/06/2021 12:43:19]     Scanning... [FL] C:\Program Files (x86)\Image-Line\FL Studio 20\Plugins\Fruity\Effects\Fruity Chorus\Fruity Chorus_x64.dll
[20/06/2021 12:43:19]     [verified] "Fruity Chorus" idx=0
[20/06/2021 12:43:19]     Scanning... [FL] C:\Program Files (x86)\Image-Line\FL Studio 20\Plugins\Fruity\Effects\Fruity Compressor\Fruity Compressor.dll
[20/06/2021 12:43:19]     [verified] "Fruity Compressor" idx=0
[20/06/2021 12:43:19]     Scanning... [FL] C:\Program Files (x86)\Image-Line\FL Studio 20\Plugins\Fruity\Effects\Fruity Compressor\Fruity Compressor_x64.dll
[20/06/2021 12:43:19]     [verified] "Fruity Compressor" idx=0
[20/06/2021 12:43:19]     Scanning... [FL] C:\Program Files (x86)\Image-Line\FL Studio 20\Plugins\Fruity\Effects\Fruity Convolver\Fruity Convolver.dll
[20/06/2021 12:43:19]     [verified] "Fruity Convolver" idx=0
[20/06/2021 12:43:19]     Scanning... [FL] C:\Program Files (x86)\Image-Line\FL Studio 20\Plugins\Fruity\Effects\Fruity Convolver\Fruity Convolver_x64.dll
[20/06/2021 12:43:19]     [verified] "Fruity Convolver" idx=0
[20/06/2021 12:43:19]     Scanning... [FL] C:\Program Files (x86)\Image-Line\FL Studio 20\Plugins\Fruity\Effects\Fruity dB Meter\Fruity dB Meter.dll
[20/06/2021 12:43:19]     [verified] "Fruity dB Meter" idx=0
[20/06/2021 12:43:19]     Scanning... [FL] C:\Program Files (x86)\Image-Line\FL Studio 20\Plugins\Fruity\Effects\Fruity dB Meter\Fruity dB Meter_x64.dll
[20/06/2021 12:43:19]     [verified] "Fruity dB Meter" idx=0
[20/06/2021 12:43:19]     Scanning... [FL] C:\Program Files (x86)\Image-Line\FL Studio 20\Plugins\Fruity\Effects\Fruity Delay\Fruity Delay.dll
[20/06/2021 12:43:19]     [verified] "Fruity Delay" idx=0
[20/06/2021 12:43:19]     Scanning... [FL] C:\Program Files (x86)\Image-Line\FL Studio 20\Plugins\Fruity\Effects\Fruity Delay\Fruity Delay_x64.dll
[20/06/2021 12:43:19]     [verified] "Fruity Delay" idx=0
[20/06/2021 12:43:19]     Scanning... [FL] C:\Program Files (x86)\Image-Line\FL Studio 20\Plugins\Fruity\Effects\Fruity Delay 2\Fruity Delay 2.dll
[20/06/2021 12:43:19]     [verified] "Fruity Delay 2" idx=0
[20/06/2021 12:43:19]     Scanning... [FL] C:\Program Files (x86)\Image-Line\FL Studio 20\Plugins\Fruity\Effects\Fruity Delay 2\Fruity Delay 2_x64.dll
[20/06/2021 12:43:19]     [verified] "Fruity Delay 2" idx=0
[20/06/2021 12:43:19]     Scanning... [FL] C:\Program Files (x86)\Image-Line\FL Studio 20\Plugins\Fruity\Effects\Fruity Delay 3\Fruity Delay 3.dll
[20/06/2021 12:43:19]     [verified] "Fruity Delay 3" idx=0
[20/06/2021 12:43:19]     Scanning... [FL] C:\Program Files (x86)\Image-Line\FL Studio 20\Plugins\Fruity\Effects\Fruity Delay 3\Fruity Delay 3_x64.dll
[20/06/2021 12:43:19]     [verified] "Fruity Delay 3" idx=0
[20/06/2021 12:43:19]     Scanning... [FL] C:\Program Files (x86)\Image-Line\FL Studio 20\Plugins\Fruity\Effects\Fruity Delay Bank\Fruity Delay Bank.dll
[20/06/2021 12:43:19]     [verified] "Fruity Delay Bank" idx=0
[20/06/2021 12:43:19]     Scanning... [FL] C:\Program Files (x86)\Image-Line\FL Studio 20\Plugins\Fruity\Effects\Fruity Delay Bank\Fruity Delay Bank_x64.dll
[20/06/2021 12:43:19]     [verified] "Fruity Delay Bank" idx=0
[20/06/2021 12:43:19]     Scanning... [FL] C:\Program Files (x86)\Image-Line\FL Studio 20\Plugins\Fruity\Effects\Fruity Fast Dist\Fruity Fast Dist.dll
[20/06/2021 12:43:19]     [verified] "Fruity Fast Dist" idx=0
[20/06/2021 12:43:19]     Scanning... [FL] C:\Program Files (x86)\Image-Line\FL Studio 20\Plugins\Fruity\Effects\Fruity Fast Dist\Fruity Fast Dist_x64.dll
[20/06/2021 12:43:19]     [verified] "Fruity Fast Dist" idx=0
[20/06/2021 12:43:19]     Scanning... [FL] C:\Program Files (x86)\Image-Line\FL Studio 20\Plugins\Fruity\Effects\Fruity Fast LP\Fruity Fast LP.dll
[20/06/2021 12:43:19]     [verified] "Fruity Fast LP" idx=0
[20/06/2021 12:43:19]     Scanning... [FL] C:\Program Files (x86)\Image-Line\FL Studio 20\Plugins\Fruity\Effects\Fruity Fast LP\Fruity Fast LP_x64.dll
[20/06/2021 12:43:19]     [verified] "Fruity Fast LP" idx=0
[20/06/2021 12:43:19]     Scanning... [FL] C:\Program Files (x86)\Image-Line\FL Studio 20\Plugins\Fruity\Effects\Fruity Filter\Fruity Filter.dll
[20/06/2021 12:43:19]     [verified] "Fruity Filter" idx=0
[20/06/2021 12:43:19]     Scanning... [FL] C:\Program Files (x86)\Image-Line\FL Studio 20\Plugins\Fruity\Effects\Fruity Filter\Fruity Filter_x64.dll
[20/06/2021 12:43:19]     [verified] "Fruity Filter" idx=0
[20/06/2021 12:43:19]     Scanning... [FL] C:\Program Files (x86)\Image-Line\FL Studio 20\Plugins\Fruity\Effects\Fruity Flanger\Fruity Flanger.dll
[20/06/2021 12:43:19]     [verified] "Fruity Flanger" idx=0
[20/06/2021 12:43:19]     Scanning... [FL] C:\Program Files (x86)\Image-Line\FL Studio 20\Plugins\Fruity\Effects\Fruity Flanger\Fruity Flanger_x64.dll
[20/06/2021 12:43:19]     [verified] "Fruity Flanger" idx=0
[20/06/2021 12:43:19]     Scanning... [FL] C:\Program Files (x86)\Image-Line\FL Studio 20\Plugins\Fruity\Effects\Fruity Flangus\Fruity Flangus.dll
[20/06/2021 12:43:19]     [verified] "Fruity Flangus" idx=0
[20/06/2021 12:43:19]     Scanning... [FL] C:\Program Files (x86)\Image-Line\FL Studio 20\Plugins\Fruity\Effects\Fruity Flangus\Fruity Flangus_x64.dll
[20/06/2021 12:43:19]     [verified] "Fruity Flangus" idx=0
[20/06/2021 12:43:19]     Scanning... [FL] C:\Program Files (x86)\Image-Line\FL Studio 20\Plugins\Fruity\Effects\Fruity Formula Controller\Fruity Formula Controller.dll
[20/06/2021 12:43:19]     [verified] "Fruity Formula Controller" idx=0
[20/06/2021 12:43:19]     Scanning... [FL] C:\Program Files (x86)\Image-Line\FL Studio 20\Plugins\Fruity\Effects\Fruity Formula Controller\Fruity Formula Controller_x64.dll
[20/06/2021 12:43:19]     [verified] "Fruity Formula Controller" idx=0
[20/06/2021 12:43:19]     Scanning... [FL] C:\Program Files (x86)\Image-Line\FL Studio 20\Plugins\Fruity\Effects\Fruity Free Filter\Fruity Free Filter.dll
[20/06/2021 12:43:19]     [verified] "Fruity Free Filter" idx=0
[20/06/2021 12:43:19]     Scanning... [FL] C:\Program Files (x86)\Image-Line\FL Studio 20\Plugins\Fruity\Effects\Fruity Free Filter\Fruity Free Filter_x64.dll
[20/06/2021 12:43:19]     [verified] "Fruity Free Filter" idx=0
[20/06/2021 12:43:19]     Scanning... [FL] C:\Program Files (x86)\Image-Line\FL Studio 20\Plugins\Fruity\Effects\Fruity HTML NoteBook\Fruity HTML NoteBook.dll
[20/06/2021 12:43:19]     [verified] "Fruity HTML NoteBook" idx=0
[20/06/2021 12:43:19]     Scanning... [FL] C:\Program Files (x86)\Image-Line\FL Studio 20\Plugins\Fruity\Effects\Fruity HTML NoteBook\Fruity HTML NoteBook_x64.dll
[20/06/2021 12:43:19]     [verified] "Fruity HTML NoteBook" idx=0
[20/06/2021 12:43:19]     Scanning... [FL] C:\Program Files (x86)\Image-Line\FL Studio 20\Plugins\Fruity\Effects\Fruity Limiter\Fruity Limiter.dll
[20/06/2021 12:43:19]     [verified] "Fruity Limiter" idx=0
[20/06/2021 12:43:19]     Scanning... [FL] C:\Program Files (x86)\Image-Line\FL Studio 20\Plugins\Fruity\Effects\Fruity Limiter\Fruity Limiter_x64.dll
[20/06/2021 12:43:19]     [verified] "Fruity Limiter" idx=0
[20/06/2021 12:43:19]     Scanning... [FL] C:\Program Files (x86)\Image-Line\FL Studio 20\Plugins\Fruity\Effects\Fruity Love Philter\Fruity Love Philter.dll
[20/06/2021 12:43:19]     [verified] "Fruity Love Philter" idx=0
[20/06/2021 12:43:19]     Scanning... [FL] C:\Program Files (x86)\Image-Line\FL Studio 20\Plugins\Fruity\Effects\Fruity Love Philter\Fruity Love Philter_x64.dll
[20/06/2021 12:43:19]     [verified] "Fruity Love Philter" idx=0
[20/06/2021 12:43:19]     Scanning... [FL] C:\Program Files (x86)\Image-Line\FL Studio 20\Plugins\Fruity\Effects\Fruity LSD\Fruity LSD.dll
[20/06/2021 12:43:19]     [verified] "Fruity LSD" idx=0
[20/06/2021 12:43:19]     Scanning... [FL] C:\Program Files (x86)\Image-Line\FL Studio 20\Plugins\Fruity\Effects\Fruity LSD\Fruity LSD_x64.dll
[20/06/2021 12:43:19]     [verified] "Fruity LSD" idx=0
[20/06/2021 12:43:19]     Scanning... [FL] C:\Program Files (x86)\Image-Line\FL Studio 20\Plugins\Fruity\Effects\Fruity Multiband Compressor\Fruity Multiband Compressor.dll
[20/06/2021 12:43:19]     [verified] "Fruity Multiband Compressor" idx=0
[20/06/2021 12:43:19]     Scanning... [FL] C:\Program Files (x86)\Image-Line\FL Studio 20\Plugins\Fruity\Effects\Fruity Multiband Compressor\Fruity Multiband Compressor_x64.dll
[20/06/2021 12:43:19]     [verified] "Fruity Multiband Compressor" idx=0
[20/06/2021 12:43:19]     Scanning... [FL] C:\Program Files (x86)\Image-Line\FL Studio 20\Plugins\Fruity\Effects\Fruity Mute 2\Fruity Mute 2.dll
[20/06/2021 12:43:19]     [verified] "Fruity Mute 2" idx=0
[20/06/2021 12:43:19]     Scanning... [FL] C:\Program Files (x86)\Image-Line\FL Studio 20\Plugins\Fruity\Effects\Fruity Mute 2\Fruity Mute 2_x64.dll
[20/06/2021 12:43:19]     [verified] "Fruity Mute 2" idx=0
[20/06/2021 12:43:19]     Scanning... [FL] C:\Program Files (x86)\Image-Line\FL Studio 20\Plugins\Fruity\Effects\Fruity NoteBook\Fruity NoteBook.dll
[20/06/2021 12:43:19]     [verified] "Fruity NoteBook" idx=0
[20/06/2021 12:43:19]     Scanning... [FL] C:\Program Files (x86)\Image-Line\FL Studio 20\Plugins\Fruity\Effects\Fruity NoteBook\Fruity NoteBook_x64.dll
[20/06/2021 12:43:19]     [verified] "Fruity NoteBook" idx=0
[20/06/2021 12:43:19]     Scanning... [FL] C:\Program Files (x86)\Image-Line\FL Studio 20\Plugins\Fruity\Effects\Fruity NoteBook 2\Fruity NoteBook 2.dll
[20/06/2021 12:43:19]     [verified] "Fruity NoteBook 2" idx=0
[20/06/2021 12:43:19]     Scanning... [FL] C:\Program Files (x86)\Image-Line\FL Studio 20\Plugins\Fruity\Effects\Fruity NoteBook 2\Fruity NoteBook 2_x64.dll
[20/06/2021 12:43:19]     [verified] "Fruity NoteBook 2" idx=0
[20/06/2021 12:43:19]     Scanning... [FL] C:\Program Files (x86)\Image-Line\FL Studio 20\Plugins\Fruity\Effects\Fruity PanOMatic\Fruity PanOMatic.dll
[20/06/2021 12:43:19]     [verified] "Fruity PanOMatic" idx=0
[20/06/2021 12:43:19]     Scanning... [FL] C:\Program Files (x86)\Image-Line\FL Studio 20\Plugins\Fruity\Effects\Fruity PanOMatic\Fruity PanOMatic_x64.dll
[20/06/2021 12:43:19]     [verified] "Fruity PanOMatic" idx=0
[20/06/2021 12:43:19]     Scanning... [FL] C:\Program Files (x86)\Image-Line\FL Studio 20\Plugins\Fruity\Effects\Fruity Parametric EQ\Fruity Parametric EQ.dll
[20/06/2021 12:43:19]     [verified] "Fruity Parametric EQ" idx=0
[20/06/2021 12:43:19]     Scanning... [FL] C:\Program Files (x86)\Image-Line\FL Studio 20\Plugins\Fruity\Effects\Fruity Parametric EQ\Fruity Parametric EQ_x64.dll
[20/06/2021 12:43:19]     [verified] "Fruity Parametric EQ" idx=0
[20/06/2021 12:43:19]     Scanning... [FL] C:\Program Files (x86)\Image-Line\FL Studio 20\Plugins\Fruity\Effects\Fruity Parametric EQ 2\Fruity Parametric EQ 2.dll
[20/06/2021 12:43:19]     [verified] "Fruity Parametric EQ 2" idx=0
[20/06/2021 12:43:19]     Scanning... [FL] C:\Program Files (x86)\Image-Line\FL Studio 20\Plugins\Fruity\Effects\Fruity Parametric EQ 2\Fruity Parametric EQ 2_x64.dll
[20/06/2021 12:43:19]     [verified] "Fruity Parametric EQ 2" idx=0
[20/06/2021 12:43:19]     Scanning... [FL] C:\Program Files (x86)\Image-Line\FL Studio 20\Plugins\Fruity\Effects\Fruity Peak Controller\Fruity Peak Controller.dll
[20/06/2021 12:43:19]     [verified] "Fruity Peak Controller" idx=0
[20/06/2021 12:43:19]     Scanning... [FL] C:\Program Files (x86)\Image-Line\FL Studio 20\Plugins\Fruity\Effects\Fruity Peak Controller\Fruity Peak Controller_x64.dll
[20/06/2021 12:43:19]     [verified] "Fruity Peak Controller" idx=0
[20/06/2021 12:43:19]     Scanning... [FL] C:\Program Files (x86)\Image-Line\FL Studio 20\Plugins\Fruity\Effects\Fruity Phase Inverter\Fruity Phase Inverter.dll
[20/06/2021 12:43:19]     [verified] "Fruity Phase Inverter" idx=0
[20/06/2021 12:43:19]     Scanning... [FL] C:\Program Files (x86)\Image-Line\FL Studio 20\Plugins\Fruity\Effects\Fruity Phase Inverter\Fruity Phase Inverter_x64.dll
[20/06/2021 12:43:19]     [verified] "Fruity Phase Inverter" idx=0
[20/06/2021 12:43:19]     Scanning... [FL] C:\Program Files (x86)\Image-Line\FL Studio 20\Plugins\Fruity\Effects\Fruity Phaser\Fruity Phaser.dll
[20/06/2021 12:43:19]     [verified] "Fruity Phaser" idx=0
[20/06/2021 12:43:19]     Scanning... [FL] C:\Program Files (x86)\Image-Line\FL Studio 20\Plugins\Fruity\Effects\Fruity Phaser\Fruity Phaser_x64.dll
[20/06/2021 12:43:19]     [verified] "Fruity Phaser" idx=0
[20/06/2021 12:43:19]     Scanning... [FL] C:\Program Files (x86)\Image-Line\FL Studio 20\Plugins\Fruity\Effects\Fruity Reeverb\Fruity Reeverb.dll
[20/06/2021 12:43:19]     [verified] "Fruity Reeverb" idx=0
[20/06/2021 12:43:19]     Scanning... [FL] C:\Program Files (x86)\Image-Line\FL Studio 20\Plugins\Fruity\Effects\Fruity Reeverb\Fruity Reeverb_x64.dll
[20/06/2021 12:43:19]     [verified] "Fruity Reeverb" idx=0
[20/06/2021 12:43:19]     Scanning... [FL] C:\Program Files (x86)\Image-Line\FL Studio 20\Plugins\Fruity\Effects\Fruity Reeverb 2\Fruity Reeverb 2.dll
[20/06/2021 12:43:19]     [verified] "Fruity Reeverb 2" idx=0
[20/06/2021 12:43:19]     Scanning... [FL] C:\Program Files (x86)\Image-Line\FL Studio 20\Plugins\Fruity\Effects\Fruity Reeverb 2\Fruity Reeverb 2_x64.dll
[20/06/2021 12:43:19]     [verified] "Fruity Reeverb 2" idx=0
[20/06/2021 12:43:19]     Scanning... [FL] C:\Program Files (x86)\Image-Line\FL Studio 20\Plugins\Fruity\Effects\Fruity Scratcher\Fruity Scratcher.dll
[20/06/2021 12:43:19]     [verified] "Fruity Scratcher" idx=0
[20/06/2021 12:43:19]     Scanning... [FL] C:\Program Files (x86)\Image-Line\FL Studio 20\Plugins\Fruity\Effects\Fruity Scratcher\Fruity Scratcher_x64.dll
[20/06/2021 12:43:19]     [verified] "Fruity Scratcher" idx=0
[20/06/2021 12:43:19]     Scanning... [FL] C:\Program Files (x86)\Image-Line\FL Studio 20\Plugins\Fruity\Effects\Fruity Send\Fruity Send.dll
[20/06/2021 12:43:19]     [verified] "Fruity Send" idx=0
[20/06/2021 12:43:19]     Scanning... [FL] C:\Program Files (x86)\Image-Line\FL Studio 20\Plugins\Fruity\Effects\Fruity Send\Fruity Send_x64.dll
[20/06/2021 12:43:19]     [verified] "Fruity Send" idx=0
[20/06/2021 12:43:19]     Scanning... [FL] C:\Program Files (x86)\Image-Line\FL Studio 20\Plugins\Fruity\Effects\Fruity Soft Clipper\Fruity Soft Clipper.dll
[20/06/2021 12:43:19]     [verified] "Fruity Soft Clipper" idx=0
[20/06/2021 12:43:19]     Scanning... [FL] C:\Program Files (x86)\Image-Line\FL Studio 20\Plugins\Fruity\Effects\Fruity Soft Clipper\Fruity Soft Clipper_x64.dll
[20/06/2021 12:43:19]     [verified] "Fruity Soft Clipper" idx=0
[20/06/2021 12:43:19]     Scanning... [FL] C:\Program Files (x86)\Image-Line\FL Studio 20\Plugins\Fruity\Effects\Fruity Spectroman\Fruity Spectroman.dll
[20/06/2021 12:43:19]     [verified] "Fruity Spectroman" idx=0
[20/06/2021 12:43:19]     Scanning... [FL] C:\Program Files (x86)\Image-Line\FL Studio 20\Plugins\Fruity\Effects\Fruity Spectroman\Fruity Spectroman_x64.dll
[20/06/2021 12:43:19]     [verified] "Fruity Spectroman" idx=0
[20/06/2021 12:43:19]     Scanning... [FL] C:\Program Files (x86)\Image-Line\FL Studio 20\Plugins\Fruity\Effects\Fruity Squeeze\Fruity Squeeze.dll
[20/06/2021 12:43:19]     [verified] "Fruity Squeeze" idx=0
[20/06/2021 12:43:19]     Scanning... [FL] C:\Program Files (x86)\Image-Line\FL Studio 20\Plugins\Fruity\Effects\Fruity Squeeze\Fruity Squeeze_x64.dll
[20/06/2021 12:43:19]     [verified] "Fruity Squeeze" idx=0
[20/06/2021 12:43:19]     Scanning... [FL] C:\Program Files (x86)\Image-Line\FL Studio 20\Plugins\Fruity\Effects\Fruity Stereo Enhancer\Fruity Stereo Enhancer.dll
[20/06/2021 12:43:19]     [verified] "Fruity Stereo Enhancer" idx=0
[20/06/2021 12:43:19]     Scanning... [FL] C:\Program Files (x86)\Image-Line\FL Studio 20\Plugins\Fruity\Effects\Fruity Stereo Enhancer\Fruity Stereo Enhancer_x64.dll
[20/06/2021 12:43:19]     [verified] "Fruity Stereo Enhancer" idx=0
[20/06/2021 12:43:19]     Scanning... [FL] C:\Program Files (x86)\Image-Line\FL Studio 20\Plugins\Fruity\Effects\Fruity Stereo Shaper\Fruity Stereo Shaper.dll
[20/06/2021 12:43:19]     [verified] "Fruity Stereo Shaper" idx=0
[20/06/2021 12:43:19]     Scanning... [FL] C:\Program Files (x86)\Image-Line\FL Studio 20\Plugins\Fruity\Effects\Fruity Stereo Shaper\Fruity Stereo Shaper_x64.dll
[20/06/2021 12:43:19]     [verified] "Fruity Stereo Shaper" idx=0
[20/06/2021 12:43:19]     Scanning... [FL] C:\Program Files (x86)\Image-Line\FL Studio 20\Plugins\Fruity\Effects\Fruity Vocoder\Fruity Vocoder.dll
[20/06/2021 12:43:19]     [verified] "Fruity Vocoder" idx=0
[20/06/2021 12:43:19]     Scanning... [FL] C:\Program Files (x86)\Image-Line\FL Studio 20\Plugins\Fruity\Effects\Fruity Vocoder\Fruity Vocoder_x64.dll
[20/06/2021 12:43:19]     [verified] "Fruity Vocoder" idx=0
[20/06/2021 12:43:19]     Scanning... [FL] C:\Program Files (x86)\Image-Line\FL Studio 20\Plugins\Fruity\Effects\Fruity WaveShaper\Fruity WaveShaper.dll
[20/06/2021 12:43:19]     [verified] "Fruity WaveShaper" idx=0
[20/06/2021 12:43:19]     Scanning... [FL] C:\Program Files (x86)\Image-Line\FL Studio 20\Plugins\Fruity\Effects\Fruity WaveShaper\Fruity WaveShaper_x64.dll
[20/06/2021 12:43:19]     [verified] "Fruity WaveShaper" idx=0
[20/06/2021 12:43:19]     Scanning... [FL] C:\Program Files (x86)\Image-Line\FL Studio 20\Plugins\Fruity\Effects\Fruity Wrapper\Fruity Wrapper.dll
[20/06/2021 12:43:19]     [verified] "Fruity Wrapper" idx=0
[20/06/2021 12:43:19]     Scanning... [FL] C:\Program Files (x86)\Image-Line\FL Studio 20\Plugins\Fruity\Effects\Fruity Wrapper\Fruity Wrapper_x64.dll
[20/06/2021 12:43:19]     [verified] "Fruity Wrapper" idx=0
[20/06/2021 12:43:19]     Scanning... [FL] C:\Program Files (x86)\Image-Line\FL Studio 20\Plugins\Fruity\Effects\Fruity X-Y Controller\Fruity X-Y Controller.dll
[20/06/2021 12:43:19]     [verified] "Fruity X-Y Controller" idx=0
[20/06/2021 12:43:19]     Scanning... [FL] C:\Program Files (x86)\Image-Line\FL Studio 20\Plugins\Fruity\Effects\Fruity X-Y Controller\Fruity X-Y Controller_x64.dll
[20/06/2021 12:43:19]     [verified] "Fruity X-Y Controller" idx=0
[20/06/2021 12:43:19]     Scanning... [FL] C:\Program Files (x86)\Image-Line\FL Studio 20\Plugins\Fruity\Effects\Fruity X-Y-Z Controller\Fruity X-Y-Z Controller.dll
[20/06/2021 12:43:19]     [verified] "Fruity X-Y-Z Controller" idx=0
[20/06/2021 12:43:19]     Scanning... [FL] C:\Program Files (x86)\Image-Line\FL Studio 20\Plugins\Fruity\Effects\Fruity X-Y-Z Controller\Fruity X-Y-Z Controller_x64.dll
[20/06/2021 12:43:19]     [verified] "Fruity X-Y-Z Controller" idx=0
[20/06/2021 12:43:19]     Scanning... [FL] C:\Program Files (x86)\Image-Line\FL Studio 20\Plugins\Fruity\Effects\Gross Beat\Gross Beat.dll
[20/06/2021 12:43:19]     [verified] "Gross Beat" idx=0
[20/06/2021 12:43:19]     Scanning... [FL] C:\Program Files (x86)\Image-Line\FL Studio 20\Plugins\Fruity\Effects\Gross Beat\Gross Beat_x64.dll
[20/06/2021 12:43:19]     [verified] "Gross Beat" idx=0
[20/06/2021 12:43:19]     Scanning... [FL] C:\Program Files (x86)\Image-Line\FL Studio 20\Plugins\Fruity\Effects\Hardcore\Hardcore.dll
[20/06/2021 12:43:19]     [verified] "Hardcore" idx=0
[20/06/2021 12:43:19]     Scanning... [FL] C:\Program Files (x86)\Image-Line\FL Studio 20\Plugins\Fruity\Effects\Hardcore\Hardcore_x64.dll
[20/06/2021 12:43:19]     [verified] "Hardcore" idx=0
[20/06/2021 12:43:19]     Scanning... [FL] C:\Program Files (x86)\Image-Line\FL Studio 20\Plugins\Fruity\Effects\Maximus\Maximus.dll
[20/06/2021 12:43:19]     [verified] "Maximus" idx=0
[20/06/2021 12:43:19]     Scanning... [FL] C:\Program Files (x86)\Image-Line\FL Studio 20\Plugins\Fruity\Effects\Maximus\Maximus_x64.dll
[20/06/2021 12:43:19]     [verified] "Maximus" idx=0
[20/06/2021 12:43:19]     Scanning... [FL] C:\Program Files (x86)\Image-Line\FL Studio 20\Plugins\Fruity\Effects\Newtone\Newtone.dll
[20/06/2021 12:43:19]     [verified] "Newtone" idx=0
[20/06/2021 12:43:19]     Scanning... [FL] C:\Program Files (x86)\Image-Line\FL Studio 20\Plugins\Fruity\Effects\Newtone\Newtone_x64.dll
[20/06/2021 12:43:19]     [verified] "Newtone" idx=0
[20/06/2021 12:43:19]     Scanning... [FL] C:\Program Files (x86)\Image-Line\FL Studio 20\Plugins\Fruity\Effects\Patcher\Patcher.dll
[20/06/2021 12:43:19]     [verified] "Patcher" idx=0
[20/06/2021 12:43:19]     Scanning... [FL] C:\Program Files (x86)\Image-Line\FL Studio 20\Plugins\Fruity\Effects\Patcher\Patcher_x64.dll
[20/06/2021 12:43:19]     [verified] "Patcher" idx=0
[20/06/2021 12:43:19]     Scanning... [FL] C:\Program Files (x86)\Image-Line\FL Studio 20\Plugins\Fruity\Effects\Pitcher\Pitcher.dll
[20/06/2021 12:43:19]     [verified] "Pitcher" idx=0
[20/06/2021 12:43:19]     Scanning... [FL] C:\Program Files (x86)\Image-Line\FL Studio 20\Plugins\Fruity\Effects\Pitcher\Pitcher_x64.dll
[20/06/2021 12:43:19]     [verified] "Pitcher" idx=0
[20/06/2021 12:43:19]     Scanning... [FL] C:\Program Files (x86)\Image-Line\FL Studio 20\Plugins\Fruity\Effects\Razer Chroma\Razer Chroma.dll
[20/06/2021 12:43:19]     [verified] "Razer Chroma" idx=0
[20/06/2021 12:43:19]     Scanning... [FL] C:\Program Files (x86)\Image-Line\FL Studio 20\Plugins\Fruity\Effects\Razer Chroma\Razer Chroma_x64.dll
[20/06/2021 12:43:19]     [verified] "Razer Chroma" idx=0
[20/06/2021 12:43:19]     Scanning... [FL] C:\Program Files (x86)\Image-Line\FL Studio 20\Plugins\Fruity\Effects\Soundgoodizer\Soundgoodizer.dll
[20/06/2021 12:43:19]     [verified] "Soundgoodizer" idx=0
[20/06/2021 12:43:19]     Scanning... [FL] C:\Program Files (x86)\Image-Line\FL Studio 20\Plugins\Fruity\Effects\Soundgoodizer\Soundgoodizer_x64.dll
[20/06/2021 12:43:19]     [verified] "Soundgoodizer" idx=0
[20/06/2021 12:43:19]     Scanning... [FL] C:\Program Files (x86)\Image-Line\FL Studio 20\Plugins\Fruity\Effects\Transient Processor\Transient Processor.dll
[20/06/2021 12:43:19]     [verified] "Transient Processor" idx=0
[20/06/2021 12:43:19]     Scanning... [FL] C:\Program Files (x86)\Image-Line\FL Studio 20\Plugins\Fruity\Effects\Transient Processor\Transient Processor_x64.dll
[20/06/2021 12:43:19]     [verified] "Transient Processor" idx=0
[20/06/2021 12:43:19]     Scanning... [FL] C:\Program Files (x86)\Image-Line\FL Studio 20\Plugins\Fruity\Effects\VFX Color Mapper\VFX Color Mapper.dll
[20/06/2021 12:43:19]     [verified] "VFX Color Mapper" idx=0
[20/06/2021 12:43:19]     Scanning... [FL] C:\Program Files (x86)\Image-Line\FL Studio 20\Plugins\Fruity\Effects\VFX Color Mapper\VFX Color Mapper_x64.dll
[20/06/2021 12:43:19]     [verified] "VFX Color Mapper" idx=0
[20/06/2021 12:43:19]     Scanning... [FL] C:\Program Files (x86)\Image-Line\FL Studio 20\Plugins\Fruity\Effects\VFX Key Mapper\VFX Key Mapper.dll
[20/06/2021 12:43:19]     [verified] "VFX Key Mapper" idx=0
[20/06/2021 12:43:19]     Scanning... [FL] C:\Program Files (x86)\Image-Line\FL Studio 20\Plugins\Fruity\Effects\VFX Key Mapper\VFX Key Mapper_x64.dll
[20/06/2021 12:43:19]     [verified] "VFX Key Mapper" idx=0
[20/06/2021 12:43:19]     Scanning... [FL] C:\Program Files (x86)\Image-Line\FL Studio 20\Plugins\Fruity\Effects\VFX Keyboard Splitter\VFX Keyboard Splitter.dll
[20/06/2021 12:43:19]     [verified] "VFX Keyboard Splitter" idx=0
[20/06/2021 12:43:19]     Scanning... [FL] C:\Program Files (x86)\Image-Line\FL Studio 20\Plugins\Fruity\Effects\VFX Keyboard Splitter\VFX Keyboard Splitter_x64.dll
[20/06/2021 12:43:19]     [verified] "VFX Keyboard Splitter" idx=0
[20/06/2021 12:43:19]     Scanning... [FL] C:\Program Files (x86)\Image-Line\FL Studio 20\Plugins\Fruity\Effects\VFX Level Scaler\VFX Level Scaler.dll
[20/06/2021 12:43:19]     [verified] "VFX Level Scaler" idx=0
[20/06/2021 12:43:19]     Scanning... [FL] C:\Program Files (x86)\Image-Line\FL Studio 20\Plugins\Fruity\Effects\VFX Level Scaler\VFX Level Scaler_x64.dll
[20/06/2021 12:43:19]     [verified] "VFX Level Scaler" idx=0
[20/06/2021 12:43:19]     Scanning... [FL] C:\Program Files (x86)\Image-Line\FL Studio 20\Plugins\Fruity\Effects\Vocodex\Vocodex.dll
[20/06/2021 12:43:19]     [verified] "Vocodex" idx=0
[20/06/2021 12:43:19]     Scanning... [FL] C:\Program Files (x86)\Image-Line\FL Studio 20\Plugins\Fruity\Effects\Vocodex\Vocodex_x64.dll
[20/06/2021 12:43:19]     [verified] "Vocodex" idx=0
[20/06/2021 12:43:19]     Scanning... [FL] C:\Program Files (x86)\Image-Line\FL Studio 20\Plugins\Fruity\Effects\Wave Candy\Wave Candy.dll
[20/06/2021 12:43:19]     [verified] "Wave Candy" idx=0
[20/06/2021 12:43:19]     Scanning... [FL] C:\Program Files (x86)\Image-Line\FL Studio 20\Plugins\Fruity\Effects\Wave Candy\Wave Candy_x64.dll
[20/06/2021 12:43:19]     [verified] "Wave Candy" idx=0
[20/06/2021 12:43:19]     Scanning... [FL] C:\Program Files (x86)\Image-Line\FL Studio 20\Plugins\Fruity\Effects\ZGameEditor Visualizer\ZGameEditor Visualizer.dll
[20/06/2021 12:43:19]     [verified] "ZGameEditor Visualizer" idx=0
[20/06/2021 12:43:19]     Scanning... [FL] C:\Program Files (x86)\Image-Line\FL Studio 20\Plugins\Fruity\Effects\ZGameEditor Visualizer\ZGameEditor Visualizer_x64.dll
[20/06/2021 12:43:19]     [verified] "ZGameEditor Visualizer" idx=0
[20/06/2021 12:43:19]     Scanning... [FL] C:\Program Files (x86)\Image-Line\FL Studio 20\Plugins\Fruity\Generators\3x Osc\3x Osc.dll
[20/06/2021 12:43:19]     [verified] "3x Osc" idx=0
[20/06/2021 12:43:19]     Scanning... [FL] C:\Program Files (x86)\Image-Line\FL Studio 20\Plugins\Fruity\Generators\3x Osc\3x Osc_x64.dll
[20/06/2021 12:43:19]     [verified] "3x Osc" idx=0
[20/06/2021 12:43:19]     Scanning... [FL] C:\Program Files (x86)\Image-Line\FL Studio 20\Plugins\Fruity\Generators\Autogun\Autogun.dll
[20/06/2021 12:43:19]     [verified] "Autogun" idx=0
[20/06/2021 12:43:19]     Scanning... [FL] C:\Program Files (x86)\Image-Line\FL Studio 20\Plugins\Fruity\Generators\Autogun\Autogun_x64.dll
[20/06/2021 12:43:19]     [verified] "Autogun" idx=0
[20/06/2021 12:43:19]     Scanning... [FL] C:\Program Files (x86)\Image-Line\FL Studio 20\Plugins\Fruity\Generators\BassDrum\BassDrum.dll
[20/06/2021 12:43:19]     [verified] "BassDrum" idx=0
[20/06/2021 12:43:19]     Scanning... [FL] C:\Program Files (x86)\Image-Line\FL Studio 20\Plugins\Fruity\Generators\BassDrum\BassDrum_x64.dll
[20/06/2021 12:43:19]     [verified] "BassDrum" idx=0
[20/06/2021 12:43:19]     Scanning... [FL] C:\Program Files (x86)\Image-Line\FL Studio 20\Plugins\Fruity\Generators\BeepMap\BeepMap.dll
[20/06/2021 12:43:19]     [verified] "BeepMap" idx=0
[20/06/2021 12:43:19]     Scanning... [FL] C:\Program Files (x86)\Image-Line\FL Studio 20\Plugins\Fruity\Generators\BeepMap\BeepMap_x64.dll
[20/06/2021 12:43:19]     [verified] "BeepMap" idx=0
[20/06/2021 12:43:19]     Scanning... [FL] C:\Program Files (x86)\Image-Line\FL Studio 20\Plugins\Fruity\Generators\BooBass\BooBass.dll
[20/06/2021 12:43:19]     [verified] "BooBass" idx=0
[20/06/2021 12:43:19]     Scanning... [FL] C:\Program Files (x86)\Image-Line\FL Studio 20\Plugins\Fruity\Generators\BooBass\BooBass_x64.dll
[20/06/2021 12:43:19]     [verified] "BooBass" idx=0
[20/06/2021 12:43:19]     Scanning... [FL] C:\Program Files (x86)\Image-Line\FL Studio 20\Plugins\Fruity\Generators\Dashboard\Dashboard.dll
[20/06/2021 12:43:19]     [verified] "Dashboard" idx=0
[20/06/2021 12:43:19]     Scanning... [FL] C:\Program Files (x86)\Image-Line\FL Studio 20\Plugins\Fruity\Generators\Dashboard\Dashboard_x64.dll
[20/06/2021 12:43:19]     [verified] "Dashboard" idx=0
[20/06/2021 12:43:19]     Scanning... [FL] C:\Program Files (x86)\Image-Line\FL Studio 20\Plugins\Fruity\Generators\DirectWave\DirectWave.dll
[20/06/2021 12:43:19]     [verified] "DirectWave" idx=0
[20/06/2021 12:43:19]     Scanning... [FL] C:\Program Files (x86)\Image-Line\FL Studio 20\Plugins\Fruity\Generators\DirectWave\DirectWave_x64.dll
[20/06/2021 12:43:19]     [verified] "DirectWave" idx=0
[20/06/2021 12:43:19]     Scanning... [FL] C:\Program Files (x86)\Image-Line\FL Studio 20\Plugins\Fruity\Generators\Drumaxx\Drumaxx.dll
[20/06/2021 12:43:19]     [verified] "Drumaxx" idx=0
[20/06/2021 12:43:19]     Scanning... [FL] C:\Program Files (x86)\Image-Line\FL Studio 20\Plugins\Fruity\Generators\Drumaxx\Drumaxx_x64.dll
[20/06/2021 12:43:19]     [verified] "Drumaxx" idx=0
[20/06/2021 12:43:19]     Scanning... [FL] C:\Program Files (x86)\Image-Line\FL Studio 20\Plugins\Fruity\Generators\Drumpad\Drumpad.dll
[20/06/2021 12:43:19]     [verified] "Drumpad" idx=0
[20/06/2021 12:43:19]     Scanning... [FL] C:\Program Files (x86)\Image-Line\FL Studio 20\Plugins\Fruity\Generators\Drumpad\Drumpad_x64.dll
[20/06/2021 12:43:19]     [verified] "Drumpad" idx=0
[20/06/2021 12:43:19]     Scanning... [FL] C:\Program Files (x86)\Image-Line\FL Studio 20\Plugins\Fruity\Generators\FL Keys\FL Keys.dll
[20/06/2021 12:43:19]     [verified] "FL Keys" idx=0
[20/06/2021 12:43:19]     Scanning... [FL] C:\Program Files (x86)\Image-Line\FL Studio 20\Plugins\Fruity\Generators\FL Keys\FL Keys_x64.dll
[20/06/2021 12:43:19]     [verified] "FL Keys" idx=0
[20/06/2021 12:43:19]     Scanning... [FL] C:\Program Files (x86)\Image-Line\FL Studio 20\Plugins\Fruity\Generators\FL Slayer\FL Slayer.dll
[20/06/2021 12:43:19]     [verified] "FL Slayer" idx=0
[20/06/2021 12:43:19]     Scanning... [FL] C:\Program Files (x86)\Image-Line\FL Studio 20\Plugins\Fruity\Generators\FL Slayer\FL Slayer_x64.dll
[20/06/2021 12:43:19]     [verified] "FL Slayer" idx=0
[20/06/2021 12:43:19]     Scanning... [FL] C:\Program Files (x86)\Image-Line\FL Studio 20\Plugins\Fruity\Generators\FL Studio Mobile\FL Studio Mobile.dll
[20/06/2021 12:43:19]     [verified] "FL Studio Mobile" idx=0
[20/06/2021 12:43:19]     Scanning... [FL] C:\Program Files (x86)\Image-Line\FL Studio 20\Plugins\Fruity\Generators\FL Studio Mobile\FL Studio Mobile_x64.dll
[20/06/2021 12:43:19]     [verified] "FL Studio Mobile" idx=0
[20/06/2021 12:43:19]     Scanning... [FL] C:\Program Files (x86)\Image-Line\FL Studio 20\Plugins\Fruity\Generators\FPC\FPC.dll
[20/06/2021 12:43:19]     [verified] "FPC" idx=0
[20/06/2021 12:43:19]     Scanning... [FL] C:\Program Files (x86)\Image-Line\FL Studio 20\Plugins\Fruity\Generators\FPC\FPC_x64.dll
[20/06/2021 12:43:19]     [verified] "FPC" idx=0
[20/06/2021 12:43:19]     Scanning... [FL] C:\Program Files (x86)\Image-Line\FL Studio 20\Plugins\Fruity\Generators\Fruit Kick\Fruit Kick.dll
[20/06/2021 12:43:19]     [verified] "Fruit Kick" idx=0
[20/06/2021 12:43:19]     Scanning... [FL] C:\Program Files (x86)\Image-Line\FL Studio 20\Plugins\Fruity\Generators\Fruit Kick\Fruit Kick_x64.dll
[20/06/2021 12:43:19]     [verified] "Fruit Kick" idx=0
[20/06/2021 12:43:19]     Scanning... [FL] C:\Program Files (x86)\Image-Line\FL Studio 20\Plugins\Fruity\Generators\Fruity Dance\Fruity Dance.dll
[20/06/2021 12:43:19]     [verified] "Fruity Dance" idx=0
[20/06/2021 12:43:19]     Scanning... [FL] C:\Program Files (x86)\Image-Line\FL Studio 20\Plugins\Fruity\Generators\Fruity Dance\Fruity Dance_x64.dll
[20/06/2021 12:43:19]     [verified] "Fruity Dance" idx=0
[20/06/2021 12:43:19]     Scanning... [FL] C:\Program Files (x86)\Image-Line\FL Studio 20\Plugins\Fruity\Generators\Fruity DrumSynth Live\Fruity DrumSynth Live.dll
[20/06/2021 12:43:19]     [verified] "Fruity DrumSynth Live" idx=0
[20/06/2021 12:43:19]     Scanning... [FL] C:\Program Files (x86)\Image-Line\FL Studio 20\Plugins\Fruity\Generators\Fruity DrumSynth Live\Fruity DrumSynth Live_x64.dll
[20/06/2021 12:43:19]     [verified] "Fruity DrumSynth Live" idx=0
[20/06/2021 12:43:19]     Scanning... [FL] C:\Program Files (x86)\Image-Line\FL Studio 20\Plugins\Fruity\Generators\Fruity DX10\Fruity DX10.dll
[20/06/2021 12:43:19]     [verified] "Fruity DX10" idx=0
[20/06/2021 12:43:19]     Scanning... [FL] C:\Program Files (x86)\Image-Line\FL Studio 20\Plugins\Fruity\Generators\Fruity DX10\Fruity DX10_x64.dll
[20/06/2021 12:43:19]     [verified] "Fruity DX10" idx=0
[20/06/2021 12:43:19]     Scanning... [FL] C:\Program Files (x86)\Image-Line\FL Studio 20\Plugins\Fruity\Generators\Fruity Envelope Controller\Fruity Envelope Controller.dll
[20/06/2021 12:43:19]     [verified] "Fruity Envelope Controller" idx=0
[20/06/2021 12:43:19]     Scanning... [FL] C:\Program Files (x86)\Image-Line\FL Studio 20\Plugins\Fruity\Generators\Fruity Envelope Controller\Fruity Envelope Controller_x64.dll
[20/06/2021 12:43:19]     [verified] "Fruity Envelope Controller" idx=0
[20/06/2021 12:43:19]     Scanning... [FL] C:\Program Files (x86)\Image-Line\FL Studio 20\Plugins\Fruity\Generators\Fruity Granulizer\Fruity Granulizer.dll
[20/06/2021 12:43:19]     [verified] "Fruity Granulizer" idx=0
[20/06/2021 12:43:19]     Scanning... [FL] C:\Program Files (x86)\Image-Line\FL Studio 20\Plugins\Fruity\Generators\Fruity Granulizer\Fruity Granulizer_x64.dll
[20/06/2021 12:43:19]     [verified] "Fruity Granulizer" idx=0
[20/06/2021 12:43:19]     Scanning... [FL] C:\Program Files (x86)\Image-Line\FL Studio 20\Plugins\Fruity\Generators\Fruity Keyboard Controller\Fruity Keyboard Controller.dll
[20/06/2021 12:43:19]     [verified] "Fruity Keyboard Controller" idx=0
[20/06/2021 12:43:19]     Scanning... [FL] C:\Program Files (x86)\Image-Line\FL Studio 20\Plugins\Fruity\Generators\Fruity Keyboard Controller\Fruity Keyboard Controller_x64.dll
[20/06/2021 12:43:19]     [verified] "Fruity Keyboard Controller" idx=0
[20/06/2021 12:43:19]     Scanning... [FL] C:\Program Files (x86)\Image-Line\FL Studio 20\Plugins\Fruity\Generators\Fruity Slicer\Fruity Slicer.dll
[20/06/2021 12:43:19]     [verified] "Fruity Slicer" idx=0
[20/06/2021 12:43:19]     Scanning... [FL] C:\Program Files (x86)\Image-Line\FL Studio 20\Plugins\Fruity\Generators\Fruity Slicer\Fruity Slicer_x64.dll
[20/06/2021 12:43:19]     [verified] "Fruity Slicer" idx=0
[20/06/2021 12:43:19]     Scanning... [FL] C:\Program Files (x86)\Image-Line\FL Studio 20\Plugins\Fruity\Generators\Fruity Soundfont Player\Fruity Soundfont Player.dll
[20/06/2021 12:43:19]     [verified] "Fruity Soundfont Player" idx=0
[20/06/2021 12:43:19]     Scanning... [FL] C:\Program Files (x86)\Image-Line\FL Studio 20\Plugins\Fruity\Generators\Fruity Video Player\Fruity Video Player.dll
[20/06/2021 12:43:19]     [verified] "Fruity Video Player" idx=0
[20/06/2021 12:43:19]     Scanning... [FL] C:\Program Files (x86)\Image-Line\FL Studio 20\Plugins\Fruity\Generators\Fruity Video Player\Fruity Video Player_x64.dll
[20/06/2021 12:43:19]     [verified] "Fruity Video Player" idx=0
[20/06/2021 12:43:19]     Scanning... [FL] C:\Program Files (x86)\Image-Line\FL Studio 20\Plugins\Fruity\Generators\Fruity Wrapper\Fruity Wrapper.dll
[20/06/2021 12:43:19]     [verified] "Fruity Wrapper" idx=0
[20/06/2021 12:43:19]     Scanning... [FL] C:\Program Files (x86)\Image-Line\FL Studio 20\Plugins\Fruity\Generators\Fruity Wrapper\Fruity Wrapper_x64.dll
[20/06/2021 12:43:19]     [verified] "Fruity Wrapper" idx=0
[20/06/2021 12:43:19]     Scanning... [FL] C:\Program Files (x86)\Image-Line\FL Studio 20\Plugins\Fruity\Generators\GMS\GMS.dll
[20/06/2021 12:43:19]     [verified] "GMS" idx=0
[20/06/2021 12:43:19]     Scanning... [FL] C:\Program Files (x86)\Image-Line\FL Studio 20\Plugins\Fruity\Generators\GMS\GMS_x64.dll
[20/06/2021 12:43:19]     [verified] "GMS" idx=0
[20/06/2021 12:43:19]     Scanning... [FL] C:\Program Files (x86)\Image-Line\FL Studio 20\Plugins\Fruity\Generators\Harmless\Harmless.dll
[20/06/2021 12:43:19]     [verified] "Harmless" idx=0
[20/06/2021 12:43:19]     Scanning... [FL] C:\Program Files (x86)\Image-Line\FL Studio 20\Plugins\Fruity\Generators\Harmless\Harmless_x64.dll
[20/06/2021 12:43:19]     [verified] "Harmless" idx=0
[20/06/2021 12:43:19]     Scanning... [FL] C:\Program Files (x86)\Image-Line\FL Studio 20\Plugins\Fruity\Generators\Harmor\Harmor.dll
[20/06/2021 12:43:19]     [verified] "Harmor" idx=0
[20/06/2021 12:43:19]     Scanning... [FL] C:\Program Files (x86)\Image-Line\FL Studio 20\Plugins\Fruity\Generators\Harmor\Harmor_x64.dll
[20/06/2021 12:43:19]     [verified] "Harmor" idx=0
[20/06/2021 12:43:19]     Scanning... [FL] C:\Program Files (x86)\Image-Line\FL Studio 20\Plugins\Fruity\Generators\MIDI Out\MIDI Out.dll
[20/06/2021 12:43:19]     [verified] "MIDI Out" idx=0
[20/06/2021 12:43:19]     Scanning... [FL] C:\Program Files (x86)\Image-Line\FL Studio 20\Plugins\Fruity\Generators\MIDI Out\MIDI Out_x64.dll
[20/06/2021 12:43:19]     [verified] "MIDI Out" idx=0
[20/06/2021 12:43:19]     Scanning... [FL] C:\Program Files (x86)\Image-Line\FL Studio 20\Plugins\Fruity\Generators\MiniSynth\MiniSynth.dll
[20/06/2021 12:43:19]     [verified] "MiniSynth" idx=0
[20/06/2021 12:43:19]     Scanning... [FL] C:\Program Files (x86)\Image-Line\FL Studio 20\Plugins\Fruity\Generators\MiniSynth\MiniSynth_x64.dll
[20/06/2021 12:43:19]     [verified] "MiniSynth" idx=0
[20/06/2021 12:43:19]     Scanning... [FL] C:\Program Files (x86)\Image-Line\FL Studio 20\Plugins\Fruity\Generators\Morphine\Morphine.dll
[20/06/2021 12:43:19]     [verified] "Morphine" idx=0
[20/06/2021 12:43:19]     Scanning... [FL] C:\Program Files (x86)\Image-Line\FL Studio 20\Plugins\Fruity\Generators\Morphine\Morphine_x64.dll
[20/06/2021 12:43:19]     [verified] "Morphine" idx=0
[20/06/2021 12:43:19]     Scanning... [FL] C:\Program Files (x86)\Image-Line\FL Studio 20\Plugins\Fruity\Generators\Ogun\Ogun.dll
[20/06/2021 12:43:19]     [verified] "Ogun" idx=0
[20/06/2021 12:43:19]     Scanning... [FL] C:\Program Files (x86)\Image-Line\FL Studio 20\Plugins\Fruity\Generators\Ogun\Ogun_x64.dll
[20/06/2021 12:43:19]     [verified] "Ogun" idx=0
[20/06/2021 12:43:19]     Scanning... [FL] C:\Program Files (x86)\Image-Line\FL Studio 20\Plugins\Fruity\Generators\Patcher\Patcher.dll
[20/06/2021 12:43:19]     [verified] "Patcher" idx=0
[20/06/2021 12:43:19]     Scanning... [FL] C:\Program Files (x86)\Image-Line\FL Studio 20\Plugins\Fruity\Generators\Patcher\Patcher_x64.dll
[20/06/2021 12:43:19]     [verified] "Patcher" idx=0
[20/06/2021 12:43:19]     Scanning... [FL] C:\Program Files (x86)\Image-Line\FL Studio 20\Plugins\Fruity\Generators\Plucked!\Plucked!.dll
[20/06/2021 12:43:19]     [verified] "Plucked!" idx=0
[20/06/2021 12:43:19]     Scanning... [FL] C:\Program Files (x86)\Image-Line\FL Studio 20\Plugins\Fruity\Generators\Plucked!\Plucked!_x64.dll
[20/06/2021 12:43:19]     [verified] "Plucked!" idx=0
[20/06/2021 12:43:19]     Scanning... [FL] C:\Program Files (x86)\Image-Line\FL Studio 20\Plugins\Fruity\Generators\PoiZone\PoiZone.dll
[20/06/2021 12:43:19]     [verified] "PoiZone" idx=0
[20/06/2021 12:43:19]     Scanning... [FL] C:\Program Files (x86)\Image-Line\FL Studio 20\Plugins\Fruity\Generators\PoiZone\PoiZone_x64.dll
[20/06/2021 12:43:19]     [verified] "PoiZone" idx=0
[20/06/2021 12:43:19]     Scanning... [FL] C:\Program Files (x86)\Image-Line\FL Studio 20\Plugins\Fruity\Generators\ReWired\ReWired.dll
[20/06/2021 12:43:19]     [verified] "ReWired" idx=0
[20/06/2021 12:43:19]     Scanning... [FL] C:\Program Files (x86)\Image-Line\FL Studio 20\Plugins\Fruity\Generators\ReWired\ReWired_x64.dll
[20/06/2021 12:43:19]     [verified] "ReWired" idx=0
[20/06/2021 12:43:19]     Scanning... [FL] C:\Program Files (x86)\Image-Line\FL Studio 20\Plugins\Fruity\Generators\Sakura\Sakura.dll
[20/06/2021 12:43:19]     [verified] "Sakura" idx=0
[20/06/2021 12:43:19]     Scanning... [FL] C:\Program Files (x86)\Image-Line\FL Studio 20\Plugins\Fruity\Generators\Sakura\Sakura_x64.dll
[20/06/2021 12:43:19]     [verified] "Sakura" idx=0
[20/06/2021 12:43:19]     Scanning... [FL] C:\Program Files (x86)\Image-Line\FL Studio 20\Plugins\Fruity\Generators\Sawer\Sawer.dll
[20/06/2021 12:43:19]     [verified] "Sawer" idx=0
[20/06/2021 12:43:19]     Scanning... [FL] C:\Program Files (x86)\Image-Line\FL Studio 20\Plugins\Fruity\Generators\Sawer\Sawer_x64.dll
[20/06/2021 12:43:19]     [verified] "Sawer" idx=0
[20/06/2021 12:43:19]     Scanning... [FL] C:\Program Files (x86)\Image-Line\FL Studio 20\Plugins\Fruity\Generators\SimSynth\SimSynth.dll
[20/06/2021 12:43:19]     [verified] "SimSynth" idx=0
[20/06/2021 12:43:19]     Scanning... [FL] C:\Program Files (x86)\Image-Line\FL Studio 20\Plugins\Fruity\Generators\SimSynth\SimSynth_x64.dll
[20/06/2021 12:43:19]     [verified] "SimSynth" idx=0
[20/06/2021 12:43:19]     Scanning... [FL] C:\Program Files (x86)\Image-Line\FL Studio 20\Plugins\Fruity\Generators\Slicex\Slicex.dll
[20/06/2021 12:43:19]     [verified] "Slicex" idx=0
[20/06/2021 12:43:19]     Scanning... [FL] C:\Program Files (x86)\Image-Line\FL Studio 20\Plugins\Fruity\Generators\Slicex\Slicex_x64.dll
[20/06/2021 12:43:19]     [verified] "Slicex" idx=0
[20/06/2021 12:43:19]     Scanning... [FL] C:\Program Files (x86)\Image-Line\FL Studio 20\Plugins\Fruity\Generators\Sytrus\Sytrus.dll
[20/06/2021 12:43:19]     [verified] "Sytrus" idx=0
[20/06/2021 12:43:19]     Scanning... [FL] C:\Program Files (x86)\Image-Line\FL Studio 20\Plugins\Fruity\Generators\Sytrus\Sytrus_x64.dll
[20/06/2021 12:43:19]     [verified] "Sytrus" idx=0
[20/06/2021 12:43:19]     Scanning... [FL] C:\Program Files (x86)\Image-Line\FL Studio 20\Plugins\Fruity\Generators\Toxic Biohazard\Toxic Biohazard.dll
[20/06/2021 12:43:19]     [verified] "Toxic Biohazard" idx=0
[20/06/2021 12:43:19]     Scanning... [FL] C:\Program Files (x86)\Image-Line\FL Studio 20\Plugins\Fruity\Generators\Toxic Biohazard\Toxic Biohazard_x64.dll
[20/06/2021 12:43:19]     [verified] "Toxic Biohazard" idx=0
[20/06/2021 12:43:19]     Scanning... [FL] C:\Program Files (x86)\Image-Line\FL Studio 20\Plugins\Fruity\Generators\Transistor Bass\Transistor Bass.dll
[20/06/2021 12:43:19]     [verified] "Transistor Bass" idx=0
[20/06/2021 12:43:19]     Scanning... [FL] C:\Program Files (x86)\Image-Line\FL Studio 20\Plugins\Fruity\Generators\Transistor Bass\Transistor Bass_x64.dll
[20/06/2021 12:43:19]     [verified] "Transistor Bass" idx=0
[20/06/2021 12:43:19]     Scanning... [FL] C:\Program Files (x86)\Image-Line\FL Studio 20\Plugins\Fruity\Generators\Wasp\Wasp.dll
[20/06/2021 12:43:19]     [verified] "Wasp" idx=0
[20/06/2021 12:43:19]     Scanning... [FL] C:\Program Files (x86)\Image-Line\FL Studio 20\Plugins\Fruity\Generators\Wasp XT\Wasp XT.dll
[20/06/2021 12:43:19]     [verified] "Wasp XT" idx=0
[20/06/2021 12:43:19]     Scanning... [FL] C:\Program Files (x86)\Image-Line\FL Studio 20\Plugins\Fruity\Generators\Wave Traveller\Wave Traveller.dll
[20/06/2021 12:43:19]     [verified] "Wave Traveller" idx=0
[20/06/2021 12:43:19]     Scanning... [FL] C:\Program Files (x86)\Image-Line\FL Studio 20\Plugins\Fruity\Generators\Wave Traveller\Wave Traveller_x64.dll
[20/06/2021 12:43:19]     [verified] "Wave Traveller" idx=0
[20/06/2021 12:43:19]     Scanning... [VST] C:\Program Files (x86)\VstPlugins\Cthulhu_x64.dll
[20/06/2021 12:43:19]     Verify plugin - C:\Program Files (x86)\VstPlugins\Cthulhu_x64.dll
[20/06/2021 12:43:19]     [verified] "Cthulhu"
[20/06/2021 12:43:19]     Scanning... [VST] C:\Program Files (x86)\VstPlugins\FL Studio VSTi (Multi).dll
[20/06/2021 12:43:19]     Verify plugin - C:\Program Files (x86)\VstPlugins\FL Studio VSTi (Multi).dll
[20/06/2021 12:43:21]     [verified] "FL Studio VSTi (multi)"
[20/06/2021 12:43:21]     Scanning... [VST] C:\Program Files (x86)\VstPlugins\FL Studio VSTi.dll
[20/06/2021 12:43:21]     Verify plugin - C:\Program Files (x86)\VstPlugins\FL Studio VSTi.dll
[20/06/2021 12:43:23]     [verified] "FL Studio VSTi"
[20/06/2021 12:43:23]     Scanning... [VST] C:\Program Files (x86)\VstPlugins\Nexus.dll
[20/06/2021 12:43:23]     Verify plugin - C:\Program Files (x86)\VstPlugins\Nexus.dll
[20/06/2021 12:43:23]     [verified] "reFX Nexus"
[20/06/2021 12:43:23]     Scanning... [VST] C:\Program Files (x86)\VstPlugins\OTT_x64.dll
[20/06/2021 12:43:23]     Verify plugin - C:\Program Files (x86)\VstPlugins\OTT_x64.dll
[20/06/2021 12:43:24]     [verified] "OTT"
[20/06/2021 12:43:24]     Scanning... [VST] C:\Program Files (x86)\VstPlugins\Serum_x64.dll
[20/06/2021 12:43:24]     Verify plugin - C:\Program Files (x86)\VstPlugins\Serum_x64.dll
[20/06/2021 12:43:24]     [verified] "Serum"
[20/06/2021 12:43:24]     Scanning... [VST] C:\Program Files\Common Files\VST2\FL Studio VSTi (Multi).dll
[20/06/2021 12:43:24]     Verify plugin - C:\Program Files\Common Files\VST2\FL Studio VSTi (Multi).dll
[20/06/2021 12:43:25]     [verified] "FL Studio VSTi (multi)"
[20/06/2021 12:43:26]     Scanning... [VST] C:\Program Files\Common Files\VST2\FL Studio VSTi.dll
[20/06/2021 12:43:26]     Verify plugin - C:\Program Files\Common Files\VST2\FL Studio VSTi.dll
[20/06/2021 12:43:27]     [verified] "FL Studio VSTi"
[20/06/2021 12:43:28]     Scanning... [VST] C:\Program Files\Steinberg\VstPlugins\AGML2.dll
[20/06/2021 12:43:28]     Verify plugin - C:\Program Files\Steinberg\VstPlugins\AGML2.dll
[20/06/2021 12:43:28]     [verified] "Ample Guitar M II Lite"
[20/06/2021 12:43:28]     Scanning... [VST] C:\Program Files\Steinberg\VstPlugins\AGML2x86.dll
[20/06/2021 12:43:28]     Verify plugin - C:\Program Files\Steinberg\VstPlugins\AGML2x86.dll
[20/06/2021 12:43:29]     [verified] "Ample Guitar M II Lite"
[20/06/2021 12:43:29]     Scanning... [VST] c:\program files (x86)\image-line\fl studio 20\Plugins\VST\Fruity Blood Overdrive.dll
[20/06/2021 12:43:29]     Verify plugin - c:\program files (x86)\image-line\fl studio 20\Plugins\VST\Fruity Blood Overdrive.dll
[20/06/2021 12:43:29]     [verified] "Fruity Blood Overdrive"
[20/06/2021 12:43:29]     Scanning... [VST] D:\Plugins\Ample Guitar\AGML2.dll
[20/06/2021 12:43:29]     Verify plugin - D:\Plugins\Ample Guitar\AGML2.dll
[20/06/2021 12:43:29]     [verified] "Ample Guitar M II Lite"
[20/06/2021 12:43:30]     Scanning... [VST] D:\Plugins\Ample Guitar\AGML2x86.dll
[20/06/2021 12:43:30]     Verify plugin - D:\Plugins\Ample Guitar\AGML2x86.dll
[20/06/2021 12:43:30]     [verified] "Ample Guitar M II Lite"
[20/06/2021 12:43:30]     Scanning... [VST] D:\Plugins\Ample Guitar\Ample Sound\AGML2.dll
[20/06/2021 12:43:30]     Verify plugin - D:\Plugins\Ample Guitar\Ample Sound\AGML2.dll
[20/06/2021 12:43:31]     [verified] "Ample Guitar M II Lite"
[20/06/2021 12:43:31]     Scanning... [VST] D:\Plugins\Ample Guitar\Ample Sound\AGML2x86.dll
[20/06/2021 12:43:31]     Verify plugin - D:\Plugins\Ample Guitar\Ample Sound\AGML2x86.dll
[20/06/2021 12:43:31]     [verified] "Ample Guitar M II Lite"
[20/06/2021 12:43:32]     Scanning... [VST] D:\Plugins\Cthulhu\Cthulhu.dll
[20/06/2021 12:43:32]     Verify plugin - D:\Plugins\Cthulhu\Cthulhu.dll
[20/06/2021 12:43:32]     [verified] "Cthulhu"
[20/06/2021 12:43:32]     Scanning... [VST] D:\Plugins\Cthulhu\Cthulhu_x64.dll
[20/06/2021 12:43:32]     Verify plugin - D:\Plugins\Cthulhu\Cthulhu_x64.dll
[20/06/2021 12:43:32]     [verified] "Cthulhu"
[20/06/2021 12:43:32]     Scanning... [VST] D:\Plugins\DSK Asian Dreamz\DSK Asian DreamZ.dll
[20/06/2021 12:43:32]     Verify plugin - D:\Plugins\DSK Asian Dreamz\DSK Asian DreamZ.dll
[20/06/2021 12:43:32]     [verified] "DSK AsianZ DreamZ"
[20/06/2021 12:43:32]     Scanning... [VST] D:\Plugins\Kickstart\Kickstart-64bit.dll
[20/06/2021 12:43:32]     Verify plugin - D:\Plugins\Kickstart\Kickstart-64bit.dll
[20/06/2021 12:43:32]     [verified] "Kickstart"
[20/06/2021 12:43:32]     Scanning... [VST] D:\Plugins\Nexus\VSTPlugIns\Nexus.dll
[20/06/2021 12:43:32]     Verify plugin - D:\Plugins\Nexus\VSTPlugIns\Nexus.dll
[20/06/2021 12:43:33]     [verified] "reFX Nexus"
[20/06/2021 12:43:33]     Scanning... [VST] D:\Plugins\OTT\OTT_x64.dll
[20/06/2021 12:43:33]     Verify plugin - D:\Plugins\OTT\OTT_x64.dll
[20/06/2021 12:43:33]     [verified] "OTT"
[20/06/2021 12:43:33]     Scanning... [VST] D:\Plugins\PitchWheel\Pitchwheel.dll
[20/06/2021 12:43:33]     Verify plugin - D:\Plugins\PitchWheel\Pitchwheel.dll
[20/06/2021 12:43:33]     [verified] "Pitchwheel"
[20/06/2021 12:43:33]     Scanning... [VST] D:\Plugins\Serum\Serum.dll
[20/06/2021 12:43:33]     Verify plugin - D:\Plugins\Serum\Serum.dll
[20/06/2021 12:43:33]     [verified] "Serum"
[20/06/2021 12:43:33]     Scanning... [VST] D:\Plugins\Serum\Serum_x64.dll
[20/06/2021 12:43:33]     Verify plugin - D:\Plugins\Serum\Serum_x64.dll
[20/06/2021 12:43:34]     [verified] "Serum"
[20/06/2021 12:43:34]     Add plugins to list
[20/06/2021 12:43:34]     Clean up plugin names
[20/06/2021 12:43:34]     Added new files as presets and combined - count=130
[20/06/2021 12:43:34]     Store presets
[20/06/2021 12:43:34]     Store all presets - count=130 dbpath="D:\Data\User Data\FL Studio\Presets\Plugin database\"
[20/06/2021 12:43:34]         Store preset "Control Surface" - effect=1
[20/06/2021 12:43:34]         Save "Control Surface": created preset file "D:\Data\User Data\FL Studio\Presets\Plugin database\Installed\Effects\Fruity\Control Surface.fst"
[20/06/2021 12:43:34]         Store preset "Edison" - effect=1
[20/06/2021 12:43:34]         Save "Edison": created preset file "D:\Data\User Data\FL Studio\Presets\Plugin database\Installed\Effects\Fruity\Edison.fst"
[20/06/2021 12:43:34]         Store preset "Effector" - effect=1
[20/06/2021 12:43:34]         Save "Effector": created preset file "D:\Data\User Data\FL Studio\Presets\Plugin database\Installed\Effects\Fruity\Effector.fst"
[20/06/2021 12:43:34]         Store preset "EQUO" - effect=1
[20/06/2021 12:43:34]         Save "EQUO": created preset file "D:\Data\User Data\FL Studio\Presets\Plugin database\Installed\Effects\Fruity\EQUO.fst"
[20/06/2021 12:43:34]         Store preset "Fruity 7 Band EQ" - effect=1
[20/06/2021 12:43:34]         Save "Fruity 7 Band EQ": created preset file "D:\Data\User Data\FL Studio\Presets\Plugin database\Installed\Effects\Fruity\Fruity 7 Band EQ.fst"
[20/06/2021 12:43:34]         Store preset "Fruity Balance" - effect=1
[20/06/2021 12:43:34]         Save "Fruity Balance": created preset file "D:\Data\User Data\FL Studio\Presets\Plugin database\Installed\Effects\Fruity\Fruity Balance.fst"
[20/06/2021 12:43:34]         Store preset "Fruity Bass Boost" - effect=1
[20/06/2021 12:43:34]         Save "Fruity Bass Boost": created preset file "D:\Data\User Data\FL Studio\Presets\Plugin database\Installed\Effects\Fruity\Fruity Bass Boost.fst"
[20/06/2021 12:43:34]         Store preset "Fruity Big Clock" - effect=1
[20/06/2021 12:43:34]         Save "Fruity Big Clock": created preset file "D:\Data\User Data\FL Studio\Presets\Plugin database\Installed\Effects\Fruity\Fruity Big Clock.fst"
[20/06/2021 12:43:34]         Store preset "Fruity Center" - effect=1
[20/06/2021 12:43:34]         Save "Fruity Center": created preset file "D:\Data\User Data\FL Studio\Presets\Plugin database\Installed\Effects\Fruity\Fruity Center.fst"
[20/06/2021 12:43:34]         Store preset "Fruity Chorus" - effect=1
[20/06/2021 12:43:34]         Save "Fruity Chorus": created preset file "D:\Data\User Data\FL Studio\Presets\Plugin database\Installed\Effects\Fruity\Fruity Chorus.fst"
[20/06/2021 12:43:34]         Store preset "Fruity Compressor" - effect=1
[20/06/2021 12:43:34]         Save "Fruity Compressor": created preset file "D:\Data\User Data\FL Studio\Presets\Plugin database\Installed\Effects\Fruity\Fruity Compressor.fst"
[20/06/2021 12:43:34]         Store preset "Fruity Convolver" - effect=1
[20/06/2021 12:43:34]         Save "Fruity Convolver": created preset file "D:\Data\User Data\FL Studio\Presets\Plugin database\Installed\Effects\Fruity\Fruity Convolver.fst"
[20/06/2021 12:43:34]         Store preset "Fruity dB Meter" - effect=1
[20/06/2021 12:43:34]         Save "Fruity dB Meter": created preset file "D:\Data\User Data\FL Studio\Presets\Plugin database\Installed\Effects\Fruity\Fruity dB Meter.fst"
[20/06/2021 12:43:34]         Store preset "Fruity Delay" - effect=1
[20/06/2021 12:43:34]         Save "Fruity Delay": created preset file "D:\Data\User Data\FL Studio\Presets\Plugin database\Installed\Effects\Fruity\Fruity Delay.fst"
[20/06/2021 12:43:34]         Store preset "Fruity Delay 2" - effect=1
[20/06/2021 12:43:34]         Save "Fruity Delay 2": created preset file "D:\Data\User Data\FL Studio\Presets\Plugin database\Installed\Effects\Fruity\Fruity Delay 2.fst"
[20/06/2021 12:43:34]         Store preset "Fruity Delay 3" - effect=1
[20/06/2021 12:43:34]         Save "Fruity Delay 3": created preset file "D:\Data\User Data\FL Studio\Presets\Plugin database\Installed\Effects\Fruity\Fruity Delay 3.fst"
[20/06/2021 12:43:34]         Store preset "Fruity Delay Bank" - effect=1
[20/06/2021 12:43:34]         Save "Fruity Delay Bank": created preset file "D:\Data\User Data\FL Studio\Presets\Plugin database\Installed\Effects\Fruity\Fruity Delay Bank.fst"
[20/06/2021 12:43:34]         Store preset "Fruity Fast Dist" - effect=1
[20/06/2021 12:43:34]         Save "Fruity Fast Dist": created preset file "D:\Data\User Data\FL Studio\Presets\Plugin database\Installed\Effects\Fruity\Fruity Fast Dist.fst"
[20/06/2021 12:43:34]         Store preset "Fruity Fast LP" - effect=1
[20/06/2021 12:43:34]         Save "Fruity Fast LP": created preset file "D:\Data\User Data\FL Studio\Presets\Plugin database\Installed\Effects\Fruity\Fruity Fast LP.fst"
[20/06/2021 12:43:34]         Store preset "Fruity Filter" - effect=1
[20/06/2021 12:43:34]         Save "Fruity Filter": created preset file "D:\Data\User Data\FL Studio\Presets\Plugin database\Installed\Effects\Fruity\Fruity Filter.fst"
[20/06/2021 12:43:34]         Store preset "Fruity Flanger" - effect=1
[20/06/2021 12:43:34]         Save "Fruity Flanger": created preset file "D:\Data\User Data\FL Studio\Presets\Plugin database\Installed\Effects\Fruity\Fruity Flanger.fst"
[20/06/2021 12:43:34]         Store preset "Fruity Flangus" - effect=1
[20/06/2021 12:43:34]         Save "Fruity Flangus": created preset file "D:\Data\User Data\FL Studio\Presets\Plugin database\Installed\Effects\Fruity\Fruity Flangus.fst"
[20/06/2021 12:43:34]         Store preset "Fruity Formula Controller" - effect=1
[20/06/2021 12:43:34]         Save "Fruity Formula Controller": created preset file "D:\Data\User Data\FL Studio\Presets\Plugin database\Installed\Effects\Fruity\Fruity Formula Controller.fst"
[20/06/2021 12:43:34]         Store preset "Fruity Free Filter" - effect=1
[20/06/2021 12:43:34]         Save "Fruity Free Filter": created preset file "D:\Data\User Data\FL Studio\Presets\Plugin database\Installed\Effects\Fruity\Fruity Free Filter.fst"
[20/06/2021 12:43:34]         Store preset "Fruity HTML NoteBook" - effect=1
[20/06/2021 12:43:34]         Save "Fruity HTML NoteBook": created preset file "D:\Data\User Data\FL Studio\Presets\Plugin database\Installed\Effects\Fruity\Fruity HTML NoteBook.fst"
[20/06/2021 12:43:34]         Store preset "Fruity Limiter" - effect=1
[20/06/2021 12:43:34]         Save "Fruity Limiter": created preset file "D:\Data\User Data\FL Studio\Presets\Plugin database\Installed\Effects\Fruity\Fruity Limiter.fst"
[20/06/2021 12:43:34]         Store preset "Fruity Love Philter" - effect=1
[20/06/2021 12:43:34]         Save "Fruity Love Philter": created preset file "D:\Data\User Data\FL Studio\Presets\Plugin database\Installed\Effects\Fruity\Fruity Love Philter.fst"
[20/06/2021 12:43:34]         Store preset "Fruity LSD" - effect=1
[20/06/2021 12:43:34]         Save "Fruity LSD": created preset file "D:\Data\User Data\FL Studio\Presets\Plugin database\Installed\Effects\Fruity\Fruity LSD.fst"
[20/06/2021 12:43:34]         Store preset "Fruity Multiband Compressor" - effect=1
[20/06/2021 12:43:34]         Save "Fruity Multiband Compressor": created preset file "D:\Data\User Data\FL Studio\Presets\Plugin database\Installed\Effects\Fruity\Fruity Multiband Compressor.fst"
[20/06/2021 12:43:34]         Store preset "Fruity Mute 2" - effect=1
[20/06/2021 12:43:34]         Save "Fruity Mute 2": created preset file "D:\Data\User Data\FL Studio\Presets\Plugin database\Installed\Effects\Fruity\Fruity Mute 2.fst"
[20/06/2021 12:43:34]         Store preset "Fruity NoteBook" - effect=1
[20/06/2021 12:43:34]         Save "Fruity NoteBook": created preset file "D:\Data\User Data\FL Studio\Presets\Plugin database\Installed\Effects\Fruity\Fruity NoteBook.fst"
[20/06/2021 12:43:34]         Store preset "Fruity NoteBook 2" - effect=1
[20/06/2021 12:43:34]         Save "Fruity NoteBook 2": created preset file "D:\Data\User Data\FL Studio\Presets\Plugin database\Installed\Effects\Fruity\Fruity NoteBook 2.fst"
[20/06/2021 12:43:34]         Store preset "Fruity PanOMatic" - effect=1
[20/06/2021 12:43:34]         Save "Fruity PanOMatic": created preset file "D:\Data\User Data\FL Studio\Presets\Plugin database\Installed\Effects\Fruity\Fruity PanOMatic.fst"
[20/06/2021 12:43:34]         Store preset "Fruity Parametric EQ" - effect=1
[20/06/2021 12:43:34]         Save "Fruity Parametric EQ": created preset file "D:\Data\User Data\FL Studio\Presets\Plugin database\Installed\Effects\Fruity\Fruity Parametric EQ.fst"
[20/06/2021 12:43:34]         Store preset "Fruity Parametric EQ 2" - effect=1
[20/06/2021 12:43:34]         Save "Fruity Parametric EQ 2": created preset file "D:\Data\User Data\FL Studio\Presets\Plugin database\Installed\Effects\Fruity\Fruity Parametric EQ 2.fst"
[20/06/2021 12:43:34]         Store preset "Fruity Peak Controller" - effect=1
[20/06/2021 12:43:34]         Save "Fruity Peak Controller": created preset file "D:\Data\User Data\FL Studio\Presets\Plugin database\Installed\Effects\Fruity\Fruity Peak Controller.fst"
[20/06/2021 12:43:34]         Store preset "Fruity Phase Inverter" - effect=1
[20/06/2021 12:43:34]         Save "Fruity Phase Inverter": created preset file "D:\Data\User Data\FL Studio\Presets\Plugin database\Installed\Effects\Fruity\Fruity Phase Inverter.fst"
[20/06/2021 12:43:34]         Store preset "Fruity Phaser" - effect=1
[20/06/2021 12:43:34]         Save "Fruity Phaser": created preset file "D:\Data\User Data\FL Studio\Presets\Plugin database\Installed\Effects\Fruity\Fruity Phaser.fst"
[20/06/2021 12:43:34]         Store preset "Fruity Reeverb" - effect=1
[20/06/2021 12:43:34]         Save "Fruity Reeverb": created preset file "D:\Data\User Data\FL Studio\Presets\Plugin database\Installed\Effects\Fruity\Fruity Reeverb.fst"
[20/06/2021 12:43:34]         Store preset "Fruity Reeverb 2" - effect=1
[20/06/2021 12:43:34]         Save "Fruity Reeverb 2": created preset file "D:\Data\User Data\FL Studio\Presets\Plugin database\Installed\Effects\Fruity\Fruity Reeverb 2.fst"
[20/06/2021 12:43:34]         Store preset "Fruity Scratcher" - effect=1
[20/06/2021 12:43:34]         Save "Fruity Scratcher": created preset file "D:\Data\User Data\FL Studio\Presets\Plugin database\Installed\Effects\Fruity\Fruity Scratcher.fst"
[20/06/2021 12:43:34]         Store preset "Fruity Send" - effect=1
[20/06/2021 12:43:34]         Save "Fruity Send": created preset file "D:\Data\User Data\FL Studio\Presets\Plugin database\Installed\Effects\Fruity\Fruity Send.fst"
[20/06/2021 12:43:34]         Store preset "Fruity Soft Clipper" - effect=1
[20/06/2021 12:43:34]         Save "Fruity Soft Clipper": created preset file "D:\Data\User Data\FL Studio\Presets\Plugin database\Installed\Effects\Fruity\Fruity Soft Clipper.fst"
[20/06/2021 12:43:34]         Store preset "Fruity Spectroman" - effect=1
[20/06/2021 12:43:35]         Save "Fruity Spectroman": created preset file "D:\Data\User Data\FL Studio\Presets\Plugin database\Installed\Effects\Fruity\Fruity Spectroman.fst"
[20/06/2021 12:43:35]         Store preset "Fruity Squeeze" - effect=1
[20/06/2021 12:43:35]         Save "Fruity Squeeze": created preset file "D:\Data\User Data\FL Studio\Presets\Plugin database\Installed\Effects\Fruity\Fruity Squeeze.fst"
[20/06/2021 12:43:35]         Store preset "Fruity Stereo Enhancer" - effect=1
[20/06/2021 12:43:35]         Save "Fruity Stereo Enhancer": created preset file "D:\Data\User Data\FL Studio\Presets\Plugin database\Installed\Effects\Fruity\Fruity Stereo Enhancer.fst"
[20/06/2021 12:43:35]         Store preset "Fruity Stereo Shaper" - effect=1
[20/06/2021 12:43:35]         Save "Fruity Stereo Shaper": created preset file "D:\Data\User Data\FL Studio\Presets\Plugin database\Installed\Effects\Fruity\Fruity Stereo Shaper.fst"
[20/06/2021 12:43:35]         Store preset "Fruity Vocoder" - effect=1
[20/06/2021 12:43:35]         Save "Fruity Vocoder": created preset file "D:\Data\User Data\FL Studio\Presets\Plugin database\Installed\Effects\Fruity\Fruity Vocoder.fst"
[20/06/2021 12:43:35]         Store preset "Fruity WaveShaper" - effect=1
[20/06/2021 12:43:35]         Save "Fruity WaveShaper": created preset file "D:\Data\User Data\FL Studio\Presets\Plugin database\Installed\Effects\Fruity\Fruity WaveShaper.fst"
[20/06/2021 12:43:35]         Store preset "Fruity Wrapper" - effect=1
[20/06/2021 12:43:35]         Save "Fruity Wrapper": created preset file "D:\Data\User Data\FL Studio\Presets\Plugin database\Installed\Effects\Fruity\Fruity Wrapper.fst"
[20/06/2021 12:43:35]         Store preset "Fruity X-Y Controller" - effect=1
[20/06/2021 12:43:35]         Save "Fruity X-Y Controller": created preset file "D:\Data\User Data\FL Studio\Presets\Plugin database\Installed\Effects\Fruity\Fruity X-Y Controller.fst"
[20/06/2021 12:43:35]         Store preset "Fruity X-Y-Z Controller" - effect=1
[20/06/2021 12:43:35]         Save "Fruity X-Y-Z Controller": created preset file "D:\Data\User Data\FL Studio\Presets\Plugin database\Installed\Effects\Fruity\Fruity X-Y-Z Controller.fst"
[20/06/2021 12:43:35]         Store preset "Gross Beat" - effect=1
[20/06/2021 12:43:35]         Save "Gross Beat": created preset file "D:\Data\User Data\FL Studio\Presets\Plugin database\Installed\Effects\Fruity\Gross Beat.fst"
[20/06/2021 12:43:35]         Store preset "Hardcore" - effect=1
[20/06/2021 12:43:35]         Save "Hardcore": created preset file "D:\Data\User Data\FL Studio\Presets\Plugin database\Installed\Effects\Fruity\Hardcore.fst"
[20/06/2021 12:43:35]         Store preset "Maximus" - effect=1
[20/06/2021 12:43:35]         Save "Maximus": created preset file "D:\Data\User Data\FL Studio\Presets\Plugin database\Installed\Effects\Fruity\Maximus.fst"
[20/06/2021 12:43:35]         Store preset "Newtone" - effect=1
[20/06/2021 12:43:35]         Save "Newtone": created preset file "D:\Data\User Data\FL Studio\Presets\Plugin database\Installed\Effects\Fruity\Newtone.fst"
[20/06/2021 12:43:35]         Store preset "Patcher" - effect=1
[20/06/2021 12:43:35]         Save "Patcher": created preset file "D:\Data\User Data\FL Studio\Presets\Plugin database\Installed\Effects\Fruity\Patcher.fst"
[20/06/2021 12:43:35]         Store preset "Pitcher" - effect=1
[20/06/2021 12:43:35]         Save "Pitcher": created preset file "D:\Data\User Data\FL Studio\Presets\Plugin database\Installed\Effects\Fruity\Pitcher.fst"
[20/06/2021 12:43:35]         Store preset "Razer Chroma" - effect=1
[20/06/2021 12:43:35]         Save "Razer Chroma": created preset file "D:\Data\User Data\FL Studio\Presets\Plugin database\Installed\Effects\Fruity\Razer Chroma.fst"
[20/06/2021 12:43:35]         Store preset "Soundgoodizer" - effect=1
[20/06/2021 12:43:35]         Save "Soundgoodizer": created preset file "D:\Data\User Data\FL Studio\Presets\Plugin database\Installed\Effects\Fruity\Soundgoodizer.fst"
[20/06/2021 12:43:35]         Store preset "Transient Processor" - effect=1
[20/06/2021 12:43:35]         Save "Transient Processor": created preset file "D:\Data\User Data\FL Studio\Presets\Plugin database\Installed\Effects\Fruity\Transient Processor.fst"
[20/06/2021 12:43:35]         Store preset "VFX Color Mapper" - effect=1
[20/06/2021 12:43:35]         Save "VFX Color Mapper": created preset file "D:\Data\User Data\FL Studio\Presets\Plugin database\Installed\Effects\Fruity\VFX Color Mapper.fst"
[20/06/2021 12:43:35]         Store preset "VFX Key Mapper" - effect=1
[20/06/2021 12:43:35]         Save "VFX Key Mapper": created preset file "D:\Data\User Data\FL Studio\Presets\Plugin database\Installed\Effects\Fruity\VFX Key Mapper.fst"
[20/06/2021 12:43:35]         Store preset "VFX Keyboard Splitter" - effect=1
[20/06/2021 12:43:35]         Save "VFX Keyboard Splitter": created preset file "D:\Data\User Data\FL Studio\Presets\Plugin database\Installed\Effects\Fruity\VFX Keyboard Splitter.fst"
[20/06/2021 12:43:35]         Store preset "VFX Level Scaler" - effect=1
[20/06/2021 12:43:35]         Save "VFX Level Scaler": created preset file "D:\Data\User Data\FL Studio\Presets\Plugin database\Installed\Effects\Fruity\VFX Level Scaler.fst"
[20/06/2021 12:43:35]         Store preset "Vocodex" - effect=1
[20/06/2021 12:43:35]         Save "Vocodex": created preset file "D:\Data\User Data\FL Studio\Presets\Plugin database\Installed\Effects\Fruity\Vocodex.fst"
[20/06/2021 12:43:35]         Store preset "Wave Candy" - effect=1
[20/06/2021 12:43:35]         Save "Wave Candy": created preset file "D:\Data\User Data\FL Studio\Presets\Plugin database\Installed\Effects\Fruity\Wave Candy.fst"
[20/06/2021 12:43:35]         Store preset "ZGameEditor Visualizer" - effect=1
[20/06/2021 12:43:35]         Save "ZGameEditor Visualizer": created preset file "D:\Data\User Data\FL Studio\Presets\Plugin database\Installed\Effects\Fruity\ZGameEditor Visualizer.fst"
[20/06/2021 12:43:35]         Store preset "3x Osc" - effect=0
[20/06/2021 12:43:35]         Save "3x Osc": created preset file "D:\Data\User Data\FL Studio\Presets\Plugin database\Installed\Generators\Fruity\3x Osc.fst"
[20/06/2021 12:43:35]         Store preset "Autogun" - effect=0
[20/06/2021 12:43:35]         Save "Autogun": created preset file "D:\Data\User Data\FL Studio\Presets\Plugin database\Installed\Generators\Fruity\Autogun.fst"
[20/06/2021 12:43:35]         Store preset "BassDrum" - effect=0
[20/06/2021 12:43:35]         Save "BassDrum": created preset file "D:\Data\User Data\FL Studio\Presets\Plugin database\Installed\Generators\Fruity\BassDrum.fst"
[20/06/2021 12:43:35]         Store preset "BeepMap" - effect=0
[20/06/2021 12:43:35]         Save "BeepMap": created preset file "D:\Data\User Data\FL Studio\Presets\Plugin database\Installed\Generators\Fruity\BeepMap.fst"
[20/06/2021 12:43:35]         Store preset "BooBass" - effect=0
[20/06/2021 12:43:35]         Save "BooBass": created preset file "D:\Data\User Data\FL Studio\Presets\Plugin database\Installed\Generators\Fruity\BooBass.fst"
[20/06/2021 12:43:35]         Store preset "Dashboard" - effect=0
[20/06/2021 12:43:35]         Save "Dashboard": created preset file "D:\Data\User Data\FL Studio\Presets\Plugin database\Installed\Generators\Fruity\Dashboard.fst"
[20/06/2021 12:43:35]         Store preset "DirectWave" - effect=0
[20/06/2021 12:43:35]         Save "DirectWave": created preset file "D:\Data\User Data\FL Studio\Presets\Plugin database\Installed\Generators\Fruity\DirectWave.fst"
[20/06/2021 12:43:35]         Store preset "Drumaxx" - effect=0
[20/06/2021 12:43:35]         Save "Drumaxx": created preset file "D:\Data\User Data\FL Studio\Presets\Plugin database\Installed\Generators\Fruity\Drumaxx.fst"
[20/06/2021 12:43:35]         Store preset "Drumpad" - effect=0
[20/06/2021 12:43:35]         Save "Drumpad": created preset file "D:\Data\User Data\FL Studio\Presets\Plugin database\Installed\Generators\Fruity\Drumpad.fst"
[20/06/2021 12:43:35]         Store preset "FL Keys" - effect=0
[20/06/2021 12:43:35]         Save "FL Keys": created preset file "D:\Data\User Data\FL Studio\Presets\Plugin database\Installed\Generators\Fruity\FL Keys.fst"
[20/06/2021 12:43:35]         Store preset "FL Slayer" - effect=0
[20/06/2021 12:43:35]         Save "FL Slayer": created preset file "D:\Data\User Data\FL Studio\Presets\Plugin database\Installed\Generators\Fruity\FL Slayer.fst"
[20/06/2021 12:43:35]         Store preset "FL Studio Mobile" - effect=0
[20/06/2021 12:43:35]         Save "FL Studio Mobile": created preset file "D:\Data\User Data\FL Studio\Presets\Plugin database\Installed\Generators\Fruity\FL Studio Mobile.fst"
[20/06/2021 12:43:35]         Store preset "FPC" - effect=0
[20/06/2021 12:43:35]         Save "FPC": created preset file "D:\Data\User Data\FL Studio\Presets\Plugin database\Installed\Generators\Fruity\FPC.fst"
[20/06/2021 12:43:35]         Store preset "Fruit Kick" - effect=0
[20/06/2021 12:43:35]         Save "Fruit Kick": created preset file "D:\Data\User Data\FL Studio\Presets\Plugin database\Installed\Generators\Fruity\Fruit Kick.fst"
[20/06/2021 12:43:35]         Store preset "Fruity Dance" - effect=0
[20/06/2021 12:43:35]         Save "Fruity Dance": created preset file "D:\Data\User Data\FL Studio\Presets\Plugin database\Installed\Generators\Fruity\Fruity Dance.fst"
[20/06/2021 12:43:35]         Store preset "Fruity DrumSynth Live" - effect=0
[20/06/2021 12:43:35]         Save "Fruity DrumSynth Live": created preset file "D:\Data\User Data\FL Studio\Presets\Plugin database\Installed\Generators\Fruity\Fruity DrumSynth Live.fst"
[20/06/2021 12:43:35]         Store preset "Fruity DX10" - effect=0
[20/06/2021 12:43:35]         Save "Fruity DX10": created preset file "D:\Data\User Data\FL Studio\Presets\Plugin database\Installed\Generators\Fruity\Fruity DX10.fst"
[20/06/2021 12:43:35]         Store preset "Fruity Envelope Controller" - effect=0
[20/06/2021 12:43:35]         Save "Fruity Envelope Controller": created preset file "D:\Data\User Data\FL Studio\Presets\Plugin database\Installed\Generators\Fruity\Fruity Envelope Controller.fst"
[20/06/2021 12:43:35]         Store preset "Fruity Granulizer" - effect=0
[20/06/2021 12:43:35]         Save "Fruity Granulizer": created preset file "D:\Data\User Data\FL Studio\Presets\Plugin database\Installed\Generators\Fruity\Fruity Granulizer.fst"
[20/06/2021 12:43:35]         Store preset "Fruity Keyboard Controller" - effect=0
[20/06/2021 12:43:35]         Save "Fruity Keyboard Controller": created preset file "D:\Data\User Data\FL Studio\Presets\Plugin database\Installed\Generators\Fruity\Fruity Keyboard Controller.fst"
[20/06/2021 12:43:35]         Store preset "Fruity Slicer" - effect=0
[20/06/2021 12:43:35]         Save "Fruity Slicer": created preset file "D:\Data\User Data\FL Studio\Presets\Plugin database\Installed\Generators\Fruity\Fruity Slicer.fst"
[20/06/2021 12:43:35]         Store preset "Fruity Soundfont Player" - effect=0
[20/06/2021 12:43:35]         Save "Fruity Soundfont Player": created preset file "D:\Data\User Data\FL Studio\Presets\Plugin database\Installed\Generators\Fruity\Fruity Soundfont Player.fst"
[20/06/2021 12:43:35]         Store preset "Fruity Video Player" - effect=0
[20/06/2021 12:43:35]         Save "Fruity Video Player": created preset file "D:\Data\User Data\FL Studio\Presets\Plugin database\Installed\Generators\Fruity\Fruity Video Player.fst"
[20/06/2021 12:43:35]         Store preset "Fruity Wrapper" - effect=0
[20/06/2021 12:43:35]         Save "Fruity Wrapper": created preset file "D:\Data\User Data\FL Studio\Presets\Plugin database\Installed\Generators\Fruity\Fruity Wrapper.fst"
[20/06/2021 12:43:35]         Store preset "GMS" - effect=0
[20/06/2021 12:43:35]         Save "GMS": created preset file "D:\Data\User Data\FL Studio\Presets\Plugin database\Installed\Generators\Fruity\GMS.fst"
[20/06/2021 12:43:35]         Store preset "Harmless" - effect=0
[20/06/2021 12:43:35]         Save "Harmless": created preset file "D:\Data\User Data\FL Studio\Presets\Plugin database\Installed\Generators\Fruity\Harmless.fst"
[20/06/2021 12:43:35]         Store preset "Harmor" - effect=0
[20/06/2021 12:43:35]         Save "Harmor": created preset file "D:\Data\User Data\FL Studio\Presets\Plugin database\Installed\Generators\Fruity\Harmor.fst"
[20/06/2021 12:43:35]         Store preset "MIDI Out" - effect=0
[20/06/2021 12:43:35]         Save "MIDI Out": created preset file "D:\Data\User Data\FL Studio\Presets\Plugin database\Installed\Generators\Fruity\MIDI Out.fst"
[20/06/2021 12:43:35]         Store preset "MiniSynth" - effect=0
[20/06/2021 12:43:35]         Save "MiniSynth": created preset file "D:\Data\User Data\FL Studio\Presets\Plugin database\Installed\Generators\Fruity\MiniSynth.fst"
[20/06/2021 12:43:35]         Store preset "Morphine" - effect=0
[20/06/2021 12:43:35]         Save "Morphine": created preset file "D:\Data\User Data\FL Studio\Presets\Plugin database\Installed\Generators\Fruity\Morphine.fst"
[20/06/2021 12:43:35]         Store preset "Ogun" - effect=0
[20/06/2021 12:43:35]         Save "Ogun": created preset file "D:\Data\User Data\FL Studio\Presets\Plugin database\Installed\Generators\Fruity\Ogun.fst"
[20/06/2021 12:43:35]         Store preset "Patcher" - effect=0
[20/06/2021 12:43:35]         Save "Patcher": created preset file "D:\Data\User Data\FL Studio\Presets\Plugin database\Installed\Generators\Fruity\Patcher.fst"
[20/06/2021 12:43:35]         Store preset "Plucked!" - effect=0
[20/06/2021 12:43:35]         Save "Plucked!": created preset file "D:\Data\User Data\FL Studio\Presets\Plugin database\Installed\Generators\Fruity\Plucked!.fst"
[20/06/2021 12:43:35]         Store preset "PoiZone" - effect=0
[20/06/2021 12:43:35]         Save "PoiZone": created preset file "D:\Data\User Data\FL Studio\Presets\Plugin database\Installed\Generators\Fruity\PoiZone.fst"
[20/06/2021 12:43:35]         Store preset "ReWired" - effect=0
[20/06/2021 12:43:35]         Save "ReWired": created preset file "D:\Data\User Data\FL Studio\Presets\Plugin database\Installed\Generators\Fruity\ReWired.fst"
[20/06/2021 12:43:35]         Store preset "Sakura" - effect=0
[20/06/2021 12:43:35]         Save "Sakura": created preset file "D:\Data\User Data\FL Studio\Presets\Plugin database\Installed\Generators\Fruity\Sakura.fst"
[20/06/2021 12:43:35]         Store preset "Sawer" - effect=0
[20/06/2021 12:43:35]         Save "Sawer": created preset file "D:\Data\User Data\FL Studio\Presets\Plugin database\Installed\Generators\Fruity\Sawer.fst"
[20/06/2021 12:43:35]         Store preset "SimSynth" - effect=0
[20/06/2021 12:43:35]         Save "SimSynth": created preset file "D:\Data\User Data\FL Studio\Presets\Plugin database\Installed\Generators\Fruity\SimSynth.fst"
[20/06/2021 12:43:35]         Store preset "Slicex" - effect=0
[20/06/2021 12:43:35]         Save "Slicex": created preset file "D:\Data\User Data\FL Studio\Presets\Plugin database\Installed\Generators\Fruity\Slicex.fst"
[20/06/2021 12:43:35]         Store preset "Sytrus" - effect=0
[20/06/2021 12:43:35]         Save "Sytrus": created preset file "D:\Data\User Data\FL Studio\Presets\Plugin database\Installed\Generators\Fruity\Sytrus.fst"
[20/06/2021 12:43:35]         Store preset "Toxic Biohazard" - effect=0
[20/06/2021 12:43:35]         Save "Toxic Biohazard": created preset file "D:\Data\User Data\FL Studio\Presets\Plugin database\Installed\Generators\Fruity\Toxic Biohazard.fst"
[20/06/2021 12:43:35]         Store preset "Transistor Bass" - effect=0
[20/06/2021 12:43:35]         Save "Transistor Bass": created preset file "D:\Data\User Data\FL Studio\Presets\Plugin database\Installed\Generators\Fruity\Transistor Bass.fst"
[20/06/2021 12:43:35]         Store preset "Wasp" - effect=0
[20/06/2021 12:43:35]         Save "Wasp": created preset file "D:\Data\User Data\FL Studio\Presets\Plugin database\Installed\Generators\Fruity\Wasp.fst"
[20/06/2021 12:43:35]         Store preset "Wasp XT" - effect=0
[20/06/2021 12:43:35]         Save "Wasp XT": created preset file "D:\Data\User Data\FL Studio\Presets\Plugin database\Installed\Generators\Fruity\Wasp XT.fst"
[20/06/2021 12:43:35]         Store preset "Wave Traveller" - effect=0
[20/06/2021 12:43:35]         Save "Wave Traveller": created preset file "D:\Data\User Data\FL Studio\Presets\Plugin database\Installed\Generators\Fruity\Wave Traveller.fst"
[20/06/2021 12:43:35]         Store preset "Cthulhu" - effect=0
[20/06/2021 12:43:35]         Save "Cthulhu": created preset file "D:\Data\User Data\FL Studio\Presets\Plugin database\Installed\Generators\VST\Cthulhu.fst"
[20/06/2021 12:43:35]         Store preset "FL Studio VSTi (multi)" - effect=0
[20/06/2021 12:43:35]         Save "FL Studio VSTi (multi)": created preset file "D:\Data\User Data\FL Studio\Presets\Plugin database\Installed\Generators\VST\FL Studio VSTi (multi).fst"
[20/06/2021 12:43:35]         Store preset "FL Studio VSTi" - effect=0
[20/06/2021 12:43:35]         Save "FL Studio VSTi": created preset file "D:\Data\User Data\FL Studio\Presets\Plugin database\Installed\Generators\VST\FL Studio VSTi.fst"
[20/06/2021 12:43:35]         Store preset "reFX Nexus" - effect=0
[20/06/2021 12:43:35]         Save "reFX Nexus": created preset file "D:\Data\User Data\FL Studio\Presets\Plugin database\Installed\Generators\VST\reFX Nexus.fst"
[20/06/2021 12:43:35]         Store preset "OTT [64bit]" - effect=1
[20/06/2021 12:43:35]         Save "OTT [64bit]": created preset file "D:\Data\User Data\FL Studio\Presets\Plugin database\Installed\Effects\VST\OTT [64bit].fst"
[20/06/2021 12:43:35]         Store preset "Serum" - effect=0
[20/06/2021 12:43:35]         Save "Serum": created preset file "D:\Data\User Data\FL Studio\Presets\Plugin database\Installed\Generators\VST\Serum.fst"
[20/06/2021 12:43:35]         Store preset "Ample Guitar M II Lite" - effect=0
[20/06/2021 12:43:35]         Save "Ample Guitar M II Lite": created preset file "D:\Data\User Data\FL Studio\Presets\Plugin database\Installed\Generators\VST\Ample Guitar M II Lite.fst"
[20/06/2021 12:43:35]         Store preset "Fruity Blood Overdrive" - effect=1
[20/06/2021 12:43:35]         Save "Fruity Blood Overdrive": created preset file "D:\Data\User Data\FL Studio\Presets\Plugin database\Installed\Effects\VST\Fruity Blood Overdrive.fst"
[20/06/2021 12:43:35]         Store preset "AGML2" - effect=0
[20/06/2021 12:43:35]         Save "AGML2": created preset file "D:\Data\User Data\FL Studio\Presets\Plugin database\Installed\Generators\VST\AGML2.fst"
[20/06/2021 12:43:35]         Store preset "Ample Guitar M II Lite_2" - effect=0
[20/06/2021 12:43:35]         Save "Ample Guitar M II Lite_2": created preset file "D:\Data\User Data\FL Studio\Presets\Plugin database\Installed\Generators\VST\Ample Guitar M II Lite_2.fst"
[20/06/2021 12:43:35]         Store preset "Cthulhu [64bit]" - effect=0
[20/06/2021 12:43:35]         Save "Cthulhu [64bit]": created preset file "D:\Data\User Data\FL Studio\Presets\Plugin database\Installed\Generators\VST\Cthulhu [64bit].fst"
[20/06/2021 12:43:35]         Store preset "DSK AsianZ DreamZ" - effect=0
[20/06/2021 12:43:35]         Save "DSK AsianZ DreamZ": created preset file "D:\Data\User Data\FL Studio\Presets\Plugin database\Installed\Generators\VST\DSK AsianZ DreamZ.fst"
[20/06/2021 12:43:35]         Store preset "Kickstart [64bit]" - effect=1
[20/06/2021 12:43:35]         Save "Kickstart [64bit]": created preset file "D:\Data\User Data\FL Studio\Presets\Plugin database\Installed\Effects\VST\Kickstart [64bit].fst"
[20/06/2021 12:43:35]         Store preset "Nexus" - effect=0
[20/06/2021 12:43:35]         Save "Nexus": created preset file "D:\Data\User Data\FL Studio\Presets\Plugin database\Installed\Generators\VST\Nexus.fst"
[20/06/2021 12:43:35]         Store preset "OTT_x64 [64bit]" - effect=1
[20/06/2021 12:43:35]         Save "OTT_x64 [64bit]": created preset file "D:\Data\User Data\FL Studio\Presets\Plugin database\Installed\Effects\VST\OTT_x64 [64bit].fst"
[20/06/2021 12:43:35]         Store preset "Pitchwheel [64bit]" - effect=1
[20/06/2021 12:43:35]         Save "Pitchwheel [64bit]": created preset file "D:\Data\User Data\FL Studio\Presets\Plugin database\Installed\Effects\VST\Pitchwheel [64bit].fst"
[20/06/2021 12:43:35]         Store preset "Serum [64bit]" - effect=0
[20/06/2021 12:43:35]         Save "Serum [64bit]": created preset file "D:\Data\User Data\FL Studio\Presets\Plugin database\Installed\Generators\VST\Serum [64bit].fst"
[20/06/2021 12:43:35]         Finished (store all presets)
[20/06/2021 12:43:35]     Store plugin IDs
[20/06/2021 12:43:35]     Finished (Scan - internal)
[20/06/2021 12:43:35] Thread terminated
[20/06/2021 12:43:37] Application stopped
